<?xml version="1.0" encoding="UTF-8"?>
<testsuite name="ru.vood.processor.datamodel.generator.ContextDataClassesGeneratorTest" tests="8" skipped="0" failures="7" errors="0" timestamp="2025-08-25T13:39:55.542Z" hostname="vood" time="0.046">
  <properties/>
  <testcase name="compareTestedFiles()" classname="ru.vood.processor.datamodel.generator.ContextDataClassesGeneratorTest" time="0.001"/>
  <testcase name="[1] TestCase(expectedClassFile=Deal_PKContext)" classname="ru.vood.processor.datamodel.generator.ContextDataClassesGeneratorTest" time="0.019">
    <failure message="org.opentest4j.AssertionFailedError: expected: &lt;package ru.vood.dmgen.datamodel.sealedData&#10;&#10;import javax.`annotation`.processing.Generated&#10;import kotlinx.serialization.KSerializer&#10;import kotlinx.serialization.Serializable&#10;import ru.vood.dmgen.`annotation`.ModelEntityContext&#10;import ru.vood.dmgen.datamodel.sealedData.intf.IContextOf&#10;import ru.vood.dmgen.datamodel.sealedData.metaEnum.EntityEnum&#10;import ru.vood.dmgen.datamodel.sealedData.metaEnum.UniqueKeyEnum&#10;import ru.vood.dmgen.datamodel.valueClasses.DealId&#10;&#10;/**&#10; * Это сущность Сделка&#10; */&#10;@Generated(value = [&quot;ru.vood.processor.datamodel.generator.ContextDataClassesGenerator&quot;])&#10;@Serializable&#10;@ModelEntityContext&#10;public data class Deal_PKContext(&#10;  /**&#10;   * Это ее идентификатор&#10;   */&#10;  public val id: DealId,&#10;) : IContextOf&lt;DealEntity&gt; {&#10;  /**&#10;   * Мета информация по уникальному ключу&#10;   */&#10;  public override val ukName: UniqueKeyEnum&#10;    get() = UniqueKeyEnum.Deal_PK&#10;&#10;  /**&#10;   * Мета информация по сущности&#10;   */&#10;  public override val designEntityName: EntityEnum&#10;    get() = EntityEnum.Deal&#10;&#10;  /**&#10;   * Сериализатор оригинальной сущности&#10;   */&#10;  public override val ktEntitySerializer: KSerializer&lt;DealEntity&gt;&#10;    get() = DealEntity.serializer()&#10;&#10;  /**&#10;   * Сериализатор детальной(аггрегированной) сущности&#10;   */&#10;  public override val ktSyntheticEntitySerializer: KSerializer&lt;DealDetail&gt;&#10;    get() = DealDetail.serializer()&#10;}&#10;&gt; but was: &lt;package ru.vood.dmgen.datamodel.sealedData&#10;&#10;import javax.`annotation`.processing.Generated&#10;import kotlinx.serialization.KSerializer&#10;import kotlinx.serialization.Serializable&#10;import ru.vood.dmgen.`annotation`.ModelEntityContext&#10;import ru.vood.dmgen.datamodel.valueClasses.DealId&#10;import ru.vood.processor.datamodel.packageForDataModelConfigProcessorProviderTest.create.intf.IContextOf&#10;import ru.vood.processor.datamodel.packageForDataModelConfigProcessorProviderTest.create.metaEnum.EntityEnum&#10;import ru.vood.processor.datamodel.packageForDataModelConfigProcessorProviderTest.create.metaEnum.UniqueKeyEnum&#10;&#10;/**&#10; * Это сущность Сделка&#10; */&#10;@Generated(value = [&quot;ru.vood.processor.datamodel.generator.ContextDataClassesGenerator&quot;])&#10;@Serializable&#10;@ModelEntityContext&#10;public data class Deal_PKContext(&#10;  /**&#10;   * Это ее идентификатор&#10;   */&#10;  public val id: DealId,&#10;) : IContextOf&lt;DealEntity&gt; {&#10;  /**&#10;   * Мета информация по уникальному ключу&#10;   */&#10;  public override val ukName: UniqueKeyEnum&#10;    get() = UniqueKeyEnum.Deal_PK&#10;&#10;  /**&#10;   * Мета информация по сущности&#10;   */&#10;  public override val designEntityName: EntityEnum&#10;    get() = EntityEnum.Deal&#10;&#10;  /**&#10;   * Сериализатор оригинальной сущности&#10;   */&#10;  public override val ktEntitySerializer: KSerializer&lt;DealEntity&gt;&#10;    get() = DealEntity.serializer()&#10;&#10;  /**&#10;   * Сериализатор детальной(аггрегированной) сущности&#10;   */&#10;  public override val ktSyntheticEntitySerializer: KSerializer&lt;DealDetail&gt;&#10;    get() = DealDetail.serializer()&#10;}&#10;&gt;" type="org.opentest4j.AssertionFailedError">org.opentest4j.AssertionFailedError: expected: &lt;package ru.vood.dmgen.datamodel.sealedData

import javax.`annotation`.processing.Generated
import kotlinx.serialization.KSerializer
import kotlinx.serialization.Serializable
import ru.vood.dmgen.`annotation`.ModelEntityContext
import ru.vood.dmgen.datamodel.sealedData.intf.IContextOf
import ru.vood.dmgen.datamodel.sealedData.metaEnum.EntityEnum
import ru.vood.dmgen.datamodel.sealedData.metaEnum.UniqueKeyEnum
import ru.vood.dmgen.datamodel.valueClasses.DealId

/**
 * Это сущность Сделка
 */
@Generated(value = [&quot;ru.vood.processor.datamodel.generator.ContextDataClassesGenerator&quot;])
@Serializable
@ModelEntityContext
public data class Deal_PKContext(
  /**
   * Это ее идентификатор
   */
  public val id: DealId,
) : IContextOf&lt;DealEntity&gt; {
  /**
   * Мета информация по уникальному ключу
   */
  public override val ukName: UniqueKeyEnum
    get() = UniqueKeyEnum.Deal_PK

  /**
   * Мета информация по сущности
   */
  public override val designEntityName: EntityEnum
    get() = EntityEnum.Deal

  /**
   * Сериализатор оригинальной сущности
   */
  public override val ktEntitySerializer: KSerializer&lt;DealEntity&gt;
    get() = DealEntity.serializer()

  /**
   * Сериализатор детальной(аггрегированной) сущности
   */
  public override val ktSyntheticEntitySerializer: KSerializer&lt;DealDetail&gt;
    get() = DealDetail.serializer()
}
&gt; but was: &lt;package ru.vood.dmgen.datamodel.sealedData

import javax.`annotation`.processing.Generated
import kotlinx.serialization.KSerializer
import kotlinx.serialization.Serializable
import ru.vood.dmgen.`annotation`.ModelEntityContext
import ru.vood.dmgen.datamodel.valueClasses.DealId
import ru.vood.processor.datamodel.packageForDataModelConfigProcessorProviderTest.create.intf.IContextOf
import ru.vood.processor.datamodel.packageForDataModelConfigProcessorProviderTest.create.metaEnum.EntityEnum
import ru.vood.processor.datamodel.packageForDataModelConfigProcessorProviderTest.create.metaEnum.UniqueKeyEnum

/**
 * Это сущность Сделка
 */
@Generated(value = [&quot;ru.vood.processor.datamodel.generator.ContextDataClassesGenerator&quot;])
@Serializable
@ModelEntityContext
public data class Deal_PKContext(
  /**
   * Это ее идентификатор
   */
  public val id: DealId,
) : IContextOf&lt;DealEntity&gt; {
  /**
   * Мета информация по уникальному ключу
   */
  public override val ukName: UniqueKeyEnum
    get() = UniqueKeyEnum.Deal_PK

  /**
   * Мета информация по сущности
   */
  public override val designEntityName: EntityEnum
    get() = EntityEnum.Deal

  /**
   * Сериализатор оригинальной сущности
   */
  public override val ktEntitySerializer: KSerializer&lt;DealEntity&gt;
    get() = DealEntity.serializer()

  /**
   * Сериализатор детальной(аггрегированной) сущности
   */
  public override val ktSyntheticEntitySerializer: KSerializer&lt;DealDetail&gt;
    get() = DealDetail.serializer()
}
&gt;
	at app//org.junit.jupiter.api.AssertionFailureBuilder.build(AssertionFailureBuilder.java:151)
	at app//org.junit.jupiter.api.AssertionFailureBuilder.buildAndThrow(AssertionFailureBuilder.java:132)
	at app//org.junit.jupiter.api.AssertEquals.failNotEqual(AssertEquals.java:197)
	at app//org.junit.jupiter.api.AssertEquals.assertEquals(AssertEquals.java:182)
	at app//org.junit.jupiter.api.AssertEquals.assertEquals(AssertEquals.java:177)
	at app//org.junit.jupiter.api.Assertions.assertEquals(Assertions.java:1142)
	at app//ru.vood.processor.datamodel.abstraction.AbstractGeneratorTest.compareTextFile(AbstractGeneratorTest.kt:40)
	at app//ru.vood.processor.datamodel.generator.ContextDataClassesGeneratorTest.textFileTest(ContextDataClassesGeneratorTest.kt:36)
	at java.base@21.0.4/jdk.internal.reflect.DirectMethodHandleAccessor.invoke(DirectMethodHandleAccessor.java:103)
	at java.base@21.0.4/java.lang.reflect.Method.invoke(Method.java:580)
	at app//org.junit.platform.commons.util.ReflectionUtils.invokeMethod(ReflectionUtils.java:727)
	at app//org.junit.jupiter.engine.execution.MethodInvocation.proceed(MethodInvocation.java:60)
	at app//org.junit.jupiter.engine.execution.InvocationInterceptorChain$ValidatingInvocation.proceed(InvocationInterceptorChain.java:131)
	at app//org.junit.jupiter.engine.extension.TimeoutExtension.intercept(TimeoutExtension.java:156)
	at app//org.junit.jupiter.engine.extension.TimeoutExtension.interceptTestableMethod(TimeoutExtension.java:147)
	at app//org.junit.jupiter.engine.extension.TimeoutExtension.interceptTestTemplateMethod(TimeoutExtension.java:94)
	at app//org.junit.jupiter.engine.execution.InterceptingExecutableInvoker$ReflectiveInterceptorCall.lambda$ofVoidMethod$0(InterceptingExecutableInvoker.java:103)
	at app//org.junit.jupiter.engine.execution.InterceptingExecutableInvoker.lambda$invoke$0(InterceptingExecutableInvoker.java:93)
	at app//org.junit.jupiter.engine.execution.InvocationInterceptorChain$InterceptedInvocation.proceed(InvocationInterceptorChain.java:106)
	at app//org.junit.jupiter.engine.execution.InvocationInterceptorChain.proceed(InvocationInterceptorChain.java:64)
	at app//org.junit.jupiter.engine.execution.InvocationInterceptorChain.chainAndInvoke(InvocationInterceptorChain.java:45)
	at app//org.junit.jupiter.engine.execution.InvocationInterceptorChain.invoke(InvocationInterceptorChain.java:37)
	at app//org.junit.jupiter.engine.execution.InterceptingExecutableInvoker.invoke(InterceptingExecutableInvoker.java:92)
	at app//org.junit.jupiter.engine.execution.InterceptingExecutableInvoker.invoke(InterceptingExecutableInvoker.java:86)
	at app//org.junit.jupiter.engine.descriptor.TestMethodTestDescriptor.lambda$invokeTestMethod$7(TestMethodTestDescriptor.java:217)
	at app//org.junit.platform.engine.support.hierarchical.ThrowableCollector.execute(ThrowableCollector.java:73)
	at app//org.junit.jupiter.engine.descriptor.TestMethodTestDescriptor.invokeTestMethod(TestMethodTestDescriptor.java:213)
	at app//org.junit.jupiter.engine.descriptor.TestMethodTestDescriptor.execute(TestMethodTestDescriptor.java:138)
	at app//org.junit.jupiter.engine.descriptor.TestMethodTestDescriptor.execute(TestMethodTestDescriptor.java:68)
	at app//org.junit.platform.engine.support.hierarchical.NodeTestTask.lambda$executeRecursively$6(NodeTestTask.java:151)
	at app//org.junit.platform.engine.support.hierarchical.ThrowableCollector.execute(ThrowableCollector.java:73)
	at app//org.junit.platform.engine.support.hierarchical.NodeTestTask.lambda$executeRecursively$8(NodeTestTask.java:141)
	at app//org.junit.platform.engine.support.hierarchical.Node.around(Node.java:137)
	at app//org.junit.platform.engine.support.hierarchical.NodeTestTask.lambda$executeRecursively$9(NodeTestTask.java:139)
	at app//org.junit.platform.engine.support.hierarchical.ThrowableCollector.execute(ThrowableCollector.java:73)
	at app//org.junit.platform.engine.support.hierarchical.NodeTestTask.executeRecursively(NodeTestTask.java:138)
	at app//org.junit.platform.engine.support.hierarchical.NodeTestTask.execute(NodeTestTask.java:95)
	at app//org.junit.platform.engine.support.hierarchical.SameThreadHierarchicalTestExecutorService.submit(SameThreadHierarchicalTestExecutorService.java:35)
	at app//org.junit.platform.engine.support.hierarchical.NodeTestTask$DefaultDynamicTestExecutor.execute(NodeTestTask.java:226)
	at app//org.junit.platform.engine.support.hierarchical.NodeTestTask$DefaultDynamicTestExecutor.execute(NodeTestTask.java:204)
	at app//org.junit.jupiter.engine.descriptor.TestTemplateTestDescriptor.execute(TestTemplateTestDescriptor.java:142)
	at app//org.junit.jupiter.engine.descriptor.TestTemplateTestDescriptor.lambda$execute$2(TestTemplateTestDescriptor.java:110)
	at java.base@21.0.4/java.util.stream.ForEachOps$ForEachOp$OfRef.accept(ForEachOps.java:184)
	at java.base@21.0.4/java.util.stream.ReferencePipeline$3$1.accept(ReferencePipeline.java:197)
	at java.base@21.0.4/java.util.stream.ReferencePipeline$2$1.accept(ReferencePipeline.java:179)
	at java.base@21.0.4/java.util.stream.ReferencePipeline$3$1.accept(ReferencePipeline.java:197)
	at java.base@21.0.4/java.util.stream.ForEachOps$ForEachOp$OfRef.accept(ForEachOps.java:184)
	at java.base@21.0.4/java.util.stream.ReferencePipeline$3$1.accept(ReferencePipeline.java:197)
	at java.base@21.0.4/java.util.stream.ReferencePipeline$3$1.accept(ReferencePipeline.java:197)
	at java.base@21.0.4/java.util.stream.ReferencePipeline$3$1.accept(ReferencePipeline.java:197)
	at java.base@21.0.4/java.util.stream.ForEachOps$ForEachOp$OfRef.accept(ForEachOps.java:184)
	at java.base@21.0.4/java.util.stream.ReferencePipeline$3$1.accept(ReferencePipeline.java:197)
	at java.base@21.0.4/java.util.ArrayList$ArrayListSpliterator.forEachRemaining(ArrayList.java:1708)
	at java.base@21.0.4/java.util.stream.ReferencePipeline$Head.forEach(ReferencePipeline.java:762)
	at java.base@21.0.4/java.util.stream.ReferencePipeline$7$1.accept(ReferencePipeline.java:276)
	at java.base@21.0.4/java.util.stream.ReferencePipeline$3$1.accept(ReferencePipeline.java:197)
	at java.base@21.0.4/java.util.stream.ReferencePipeline$3$1.accept(ReferencePipeline.java:197)
	at java.base@21.0.4/java.util.Spliterators$ArraySpliterator.forEachRemaining(Spliterators.java:1024)
	at java.base@21.0.4/java.util.stream.AbstractPipeline.copyInto(AbstractPipeline.java:509)
	at java.base@21.0.4/java.util.stream.AbstractPipeline.wrapAndCopyInto(AbstractPipeline.java:499)
	at java.base@21.0.4/java.util.stream.ForEachOps$ForEachOp.evaluateSequential(ForEachOps.java:151)
	at java.base@21.0.4/java.util.stream.ForEachOps$ForEachOp$OfRef.evaluateSequential(ForEachOps.java:174)
	at java.base@21.0.4/java.util.stream.AbstractPipeline.evaluate(AbstractPipeline.java:234)
	at java.base@21.0.4/java.util.stream.ReferencePipeline.forEach(ReferencePipeline.java:596)
	at java.base@21.0.4/java.util.stream.ReferencePipeline$7$1.accept(ReferencePipeline.java:276)
	at java.base@21.0.4/java.util.stream.ReferencePipeline$3$1.accept(ReferencePipeline.java:197)
	at java.base@21.0.4/java.util.stream.ReferencePipeline$3$1.accept(ReferencePipeline.java:197)
	at java.base@21.0.4/java.util.stream.ReferencePipeline$3$1.accept(ReferencePipeline.java:197)
	at java.base@21.0.4/java.util.ArrayList$ArrayListSpliterator.forEachRemaining(ArrayList.java:1708)
	at java.base@21.0.4/java.util.stream.AbstractPipeline.copyInto(AbstractPipeline.java:509)
	at java.base@21.0.4/java.util.stream.AbstractPipeline.wrapAndCopyInto(AbstractPipeline.java:499)
	at java.base@21.0.4/java.util.stream.ForEachOps$ForEachOp.evaluateSequential(ForEachOps.java:151)
	at java.base@21.0.4/java.util.stream.ForEachOps$ForEachOp$OfRef.evaluateSequential(ForEachOps.java:174)
	at java.base@21.0.4/java.util.stream.AbstractPipeline.evaluate(AbstractPipeline.java:234)
	at java.base@21.0.4/java.util.stream.ReferencePipeline.forEach(ReferencePipeline.java:596)
	at java.base@21.0.4/java.util.stream.ReferencePipeline$7$1.accept(ReferencePipeline.java:276)
	at java.base@21.0.4/java.util.ArrayList$ArrayListSpliterator.forEachRemaining(ArrayList.java:1708)
	at java.base@21.0.4/java.util.stream.AbstractPipeline.copyInto(AbstractPipeline.java:509)
	at java.base@21.0.4/java.util.stream.AbstractPipeline.wrapAndCopyInto(AbstractPipeline.java:499)
	at java.base@21.0.4/java.util.stream.ForEachOps$ForEachOp.evaluateSequential(ForEachOps.java:151)
	at java.base@21.0.4/java.util.stream.ForEachOps$ForEachOp$OfRef.evaluateSequential(ForEachOps.java:174)
	at java.base@21.0.4/java.util.stream.AbstractPipeline.evaluate(AbstractPipeline.java:234)
	at java.base@21.0.4/java.util.stream.ReferencePipeline.forEach(ReferencePipeline.java:596)
	at app//org.junit.jupiter.engine.descriptor.TestTemplateTestDescriptor.execute(TestTemplateTestDescriptor.java:110)
	at app//org.junit.jupiter.engine.descriptor.TestTemplateTestDescriptor.execute(TestTemplateTestDescriptor.java:44)
	at app//org.junit.platform.engine.support.hierarchical.NodeTestTask.lambda$executeRecursively$6(NodeTestTask.java:151)
	at app//org.junit.platform.engine.support.hierarchical.ThrowableCollector.execute(ThrowableCollector.java:73)
	at app//org.junit.platform.engine.support.hierarchical.NodeTestTask.lambda$executeRecursively$8(NodeTestTask.java:141)
	at app//org.junit.platform.engine.support.hierarchical.Node.around(Node.java:137)
	at app//org.junit.platform.engine.support.hierarchical.NodeTestTask.lambda$executeRecursively$9(NodeTestTask.java:139)
	at app//org.junit.platform.engine.support.hierarchical.ThrowableCollector.execute(ThrowableCollector.java:73)
	at app//org.junit.platform.engine.support.hierarchical.NodeTestTask.executeRecursively(NodeTestTask.java:138)
	at app//org.junit.platform.engine.support.hierarchical.NodeTestTask.execute(NodeTestTask.java:95)
	at java.base@21.0.4/java.util.ArrayList.forEach(ArrayList.java:1596)
	at app//org.junit.platform.engine.support.hierarchical.SameThreadHierarchicalTestExecutorService.invokeAll(SameThreadHierarchicalTestExecutorService.java:41)
	at app//org.junit.platform.engine.support.hierarchical.NodeTestTask.lambda$executeRecursively$6(NodeTestTask.java:155)
	at app//org.junit.platform.engine.support.hierarchical.ThrowableCollector.execute(ThrowableCollector.java:73)
	at app//org.junit.platform.engine.support.hierarchical.NodeTestTask.lambda$executeRecursively$8(NodeTestTask.java:141)
	at app//org.junit.platform.engine.support.hierarchical.Node.around(Node.java:137)
	at app//org.junit.platform.engine.support.hierarchical.NodeTestTask.lambda$executeRecursively$9(NodeTestTask.java:139)
	at app//org.junit.platform.engine.support.hierarchical.ThrowableCollector.execute(ThrowableCollector.java:73)
	at app//org.junit.platform.engine.support.hierarchical.NodeTestTask.executeRecursively(NodeTestTask.java:138)
	at app//org.junit.platform.engine.support.hierarchical.NodeTestTask.execute(NodeTestTask.java:95)
	at java.base@21.0.4/java.util.ArrayList.forEach(ArrayList.java:1596)
	at app//org.junit.platform.engine.support.hierarchical.SameThreadHierarchicalTestExecutorService.invokeAll(SameThreadHierarchicalTestExecutorService.java:41)
	at app//org.junit.platform.engine.support.hierarchical.NodeTestTask.lambda$executeRecursively$6(NodeTestTask.java:155)
	at app//org.junit.platform.engine.support.hierarchical.ThrowableCollector.execute(ThrowableCollector.java:73)
	at app//org.junit.platform.engine.support.hierarchical.NodeTestTask.lambda$executeRecursively$8(NodeTestTask.java:141)
	at app//org.junit.platform.engine.support.hierarchical.Node.around(Node.java:137)
	at app//org.junit.platform.engine.support.hierarchical.NodeTestTask.lambda$executeRecursively$9(NodeTestTask.java:139)
	at app//org.junit.platform.engine.support.hierarchical.ThrowableCollector.execute(ThrowableCollector.java:73)
	at app//org.junit.platform.engine.support.hierarchical.NodeTestTask.executeRecursively(NodeTestTask.java:138)
	at app//org.junit.platform.engine.support.hierarchical.NodeTestTask.execute(NodeTestTask.java:95)
	at app//org.junit.platform.engine.support.hierarchical.SameThreadHierarchicalTestExecutorService.submit(SameThreadHierarchicalTestExecutorService.java:35)
	at app//org.junit.platform.engine.support.hierarchical.HierarchicalTestExecutor.execute(HierarchicalTestExecutor.java:57)
	at app//org.junit.platform.engine.support.hierarchical.HierarchicalTestEngine.execute(HierarchicalTestEngine.java:54)
	at app//org.junit.platform.launcher.core.EngineExecutionOrchestrator.execute(EngineExecutionOrchestrator.java:107)
	at app//org.junit.platform.launcher.core.EngineExecutionOrchestrator.execute(EngineExecutionOrchestrator.java:88)
	at app//org.junit.platform.launcher.core.EngineExecutionOrchestrator.lambda$execute$0(EngineExecutionOrchestrator.java:54)
	at app//org.junit.platform.launcher.core.EngineExecutionOrchestrator.withInterceptedStreams(EngineExecutionOrchestrator.java:67)
	at app//org.junit.platform.launcher.core.EngineExecutionOrchestrator.execute(EngineExecutionOrchestrator.java:52)
	at app//org.junit.platform.launcher.core.DefaultLauncher.execute(DefaultLauncher.java:114)
	at app//org.junit.platform.launcher.core.DefaultLauncher.execute(DefaultLauncher.java:86)
	at app//org.junit.platform.launcher.core.DefaultLauncherSession$DelegatingLauncher.execute(DefaultLauncherSession.java:86)
	at org.gradle.api.internal.tasks.testing.junitplatform.JUnitPlatformTestClassProcessor$CollectAllTestClassesExecutor.processAllTestClasses(JUnitPlatformTestClassProcessor.java:124)
	at org.gradle.api.internal.tasks.testing.junitplatform.JUnitPlatformTestClassProcessor$CollectAllTestClassesExecutor.access$000(JUnitPlatformTestClassProcessor.java:99)
	at org.gradle.api.internal.tasks.testing.junitplatform.JUnitPlatformTestClassProcessor.stop(JUnitPlatformTestClassProcessor.java:94)
	at org.gradle.api.internal.tasks.testing.SuiteTestClassProcessor.stop(SuiteTestClassProcessor.java:63)
	at java.base@21.0.4/jdk.internal.reflect.DirectMethodHandleAccessor.invoke(DirectMethodHandleAccessor.java:103)
	at java.base@21.0.4/java.lang.reflect.Method.invoke(Method.java:580)
	at org.gradle.internal.dispatch.ReflectionDispatch.dispatch(ReflectionDispatch.java:36)
	at org.gradle.internal.dispatch.ReflectionDispatch.dispatch(ReflectionDispatch.java:24)
	at org.gradle.internal.dispatch.ContextClassLoaderDispatch.dispatch(ContextClassLoaderDispatch.java:33)
	at org.gradle.internal.dispatch.ProxyDispatchAdapter$DispatchingInvocationHandler.invoke(ProxyDispatchAdapter.java:92)
	at jdk.proxy1/jdk.proxy1.$Proxy4.stop(Unknown Source)
	at org.gradle.api.internal.tasks.testing.worker.TestWorker$3.run(TestWorker.java:200)
	at org.gradle.api.internal.tasks.testing.worker.TestWorker.executeAndMaintainThreadName(TestWorker.java:132)
	at org.gradle.api.internal.tasks.testing.worker.TestWorker.execute(TestWorker.java:103)
	at org.gradle.api.internal.tasks.testing.worker.TestWorker.execute(TestWorker.java:63)
	at org.gradle.process.internal.worker.child.ActionExecutionWorker.execute(ActionExecutionWorker.java:56)
	at org.gradle.process.internal.worker.child.SystemApplicationClassLoaderWorker.call(SystemApplicationClassLoaderWorker.java:121)
	at org.gradle.process.internal.worker.child.SystemApplicationClassLoaderWorker.call(SystemApplicationClassLoaderWorker.java:71)
	at app//worker.org.gradle.process.internal.worker.GradleWorkerMain.run(GradleWorkerMain.java:69)
	at app//worker.org.gradle.process.internal.worker.GradleWorkerMain.main(GradleWorkerMain.java:74)
</failure>
  </testcase>
  <testcase name="[2] TestCase(expectedClassFile=OneOfDto_PKContext)" classname="ru.vood.processor.datamodel.generator.ContextDataClassesGeneratorTest" time="0.003">
    <failure message="org.opentest4j.AssertionFailedError: expected: &lt;package ru.vood.dmgen.datamodel.sealedData.oneOf&#10;&#10;import javax.`annotation`.processing.Generated&#10;import kotlinx.serialization.KSerializer&#10;import kotlinx.serialization.Serializable&#10;import ru.vood.dmgen.`annotation`.ModelEntityContext&#10;import ru.vood.dmgen.datamodel.sealedData.intf.IContextOf&#10;import ru.vood.dmgen.datamodel.sealedData.metaEnum.EntityEnum&#10;import ru.vood.dmgen.datamodel.sealedData.metaEnum.UniqueKeyEnum&#10;import ru.vood.dmgen.datamodel.valueClasses.DealId&#10;&#10;/**&#10; * Параметр сделки, отношение к сделке один к одному&#10; */&#10;@Generated(value = [&quot;ru.vood.processor.datamodel.generator.ContextDataClassesGenerator&quot;])&#10;@Serializable&#10;@ModelEntityContext&#10;public data class OneOfDto_PKContext(&#10;  /**&#10;   * Параметр сделки, отношение к сделке один к одному&#10;   */&#10;  public val dealId: DealId,&#10;) : IContextOf&lt;OneOfDtoEntity&gt; {&#10;  /**&#10;   * Мета информация по уникальному ключу&#10;   */&#10;  public override val ukName: UniqueKeyEnum&#10;    get() = UniqueKeyEnum.OneOfDto_PK&#10;&#10;  /**&#10;   * Мета информация по сущности&#10;   */&#10;  public override val designEntityName: EntityEnum&#10;    get() = EntityEnum.OneOfDto&#10;&#10;  /**&#10;   * Сериализатор оригинальной сущности&#10;   */&#10;  public override val ktEntitySerializer: KSerializer&lt;OneOfDtoEntity&gt;&#10;    get() = OneOfDtoEntity.serializer()&#10;&#10;  /**&#10;   * Сериализатор детальной(аггрегированной) сущности&#10;   */&#10;  public override val ktSyntheticEntitySerializer: KSerializer&lt;OneOfDtoDetail&gt;&#10;    get() = OneOfDtoDetail.serializer()&#10;}&#10;&gt; but was: &lt;package ru.vood.dmgen.datamodel.sealedData.oneOf&#10;&#10;import javax.`annotation`.processing.Generated&#10;import kotlinx.serialization.KSerializer&#10;import kotlinx.serialization.Serializable&#10;import ru.vood.dmgen.`annotation`.ModelEntityContext&#10;import ru.vood.dmgen.datamodel.valueClasses.DealId&#10;import ru.vood.processor.datamodel.packageForDataModelConfigProcessorProviderTest.create.intf.IContextOf&#10;import ru.vood.processor.datamodel.packageForDataModelConfigProcessorProviderTest.create.metaEnum.EntityEnum&#10;import ru.vood.processor.datamodel.packageForDataModelConfigProcessorProviderTest.create.metaEnum.UniqueKeyEnum&#10;&#10;/**&#10; * Параметр сделки, отношение к сделке один к одному&#10; */&#10;@Generated(value = [&quot;ru.vood.processor.datamodel.generator.ContextDataClassesGenerator&quot;])&#10;@Serializable&#10;@ModelEntityContext&#10;public data class OneOfDto_PKContext(&#10;  /**&#10;   * Параметр сделки, отношение к сделке один к одному&#10;   */&#10;  public val dealId: DealId,&#10;) : IContextOf&lt;OneOfDtoEntity&gt; {&#10;  /**&#10;   * Мета информация по уникальному ключу&#10;   */&#10;  public override val ukName: UniqueKeyEnum&#10;    get() = UniqueKeyEnum.OneOfDto_PK&#10;&#10;  /**&#10;   * Мета информация по сущности&#10;   */&#10;  public override val designEntityName: EntityEnum&#10;    get() = EntityEnum.OneOfDto&#10;&#10;  /**&#10;   * Сериализатор оригинальной сущности&#10;   */&#10;  public override val ktEntitySerializer: KSerializer&lt;OneOfDtoEntity&gt;&#10;    get() = OneOfDtoEntity.serializer()&#10;&#10;  /**&#10;   * Сериализатор детальной(аггрегированной) сущности&#10;   */&#10;  public override val ktSyntheticEntitySerializer: KSerializer&lt;OneOfDtoDetail&gt;&#10;    get() = OneOfDtoDetail.serializer()&#10;}&#10;&gt;" type="org.opentest4j.AssertionFailedError">org.opentest4j.AssertionFailedError: expected: &lt;package ru.vood.dmgen.datamodel.sealedData.oneOf

import javax.`annotation`.processing.Generated
import kotlinx.serialization.KSerializer
import kotlinx.serialization.Serializable
import ru.vood.dmgen.`annotation`.ModelEntityContext
import ru.vood.dmgen.datamodel.sealedData.intf.IContextOf
import ru.vood.dmgen.datamodel.sealedData.metaEnum.EntityEnum
import ru.vood.dmgen.datamodel.sealedData.metaEnum.UniqueKeyEnum
import ru.vood.dmgen.datamodel.valueClasses.DealId

/**
 * Параметр сделки, отношение к сделке один к одному
 */
@Generated(value = [&quot;ru.vood.processor.datamodel.generator.ContextDataClassesGenerator&quot;])
@Serializable
@ModelEntityContext
public data class OneOfDto_PKContext(
  /**
   * Параметр сделки, отношение к сделке один к одному
   */
  public val dealId: DealId,
) : IContextOf&lt;OneOfDtoEntity&gt; {
  /**
   * Мета информация по уникальному ключу
   */
  public override val ukName: UniqueKeyEnum
    get() = UniqueKeyEnum.OneOfDto_PK

  /**
   * Мета информация по сущности
   */
  public override val designEntityName: EntityEnum
    get() = EntityEnum.OneOfDto

  /**
   * Сериализатор оригинальной сущности
   */
  public override val ktEntitySerializer: KSerializer&lt;OneOfDtoEntity&gt;
    get() = OneOfDtoEntity.serializer()

  /**
   * Сериализатор детальной(аггрегированной) сущности
   */
  public override val ktSyntheticEntitySerializer: KSerializer&lt;OneOfDtoDetail&gt;
    get() = OneOfDtoDetail.serializer()
}
&gt; but was: &lt;package ru.vood.dmgen.datamodel.sealedData.oneOf

import javax.`annotation`.processing.Generated
import kotlinx.serialization.KSerializer
import kotlinx.serialization.Serializable
import ru.vood.dmgen.`annotation`.ModelEntityContext
import ru.vood.dmgen.datamodel.valueClasses.DealId
import ru.vood.processor.datamodel.packageForDataModelConfigProcessorProviderTest.create.intf.IContextOf
import ru.vood.processor.datamodel.packageForDataModelConfigProcessorProviderTest.create.metaEnum.EntityEnum
import ru.vood.processor.datamodel.packageForDataModelConfigProcessorProviderTest.create.metaEnum.UniqueKeyEnum

/**
 * Параметр сделки, отношение к сделке один к одному
 */
@Generated(value = [&quot;ru.vood.processor.datamodel.generator.ContextDataClassesGenerator&quot;])
@Serializable
@ModelEntityContext
public data class OneOfDto_PKContext(
  /**
   * Параметр сделки, отношение к сделке один к одному
   */
  public val dealId: DealId,
) : IContextOf&lt;OneOfDtoEntity&gt; {
  /**
   * Мета информация по уникальному ключу
   */
  public override val ukName: UniqueKeyEnum
    get() = UniqueKeyEnum.OneOfDto_PK

  /**
   * Мета информация по сущности
   */
  public override val designEntityName: EntityEnum
    get() = EntityEnum.OneOfDto

  /**
   * Сериализатор оригинальной сущности
   */
  public override val ktEntitySerializer: KSerializer&lt;OneOfDtoEntity&gt;
    get() = OneOfDtoEntity.serializer()

  /**
   * Сериализатор детальной(аггрегированной) сущности
   */
  public override val ktSyntheticEntitySerializer: KSerializer&lt;OneOfDtoDetail&gt;
    get() = OneOfDtoDetail.serializer()
}
&gt;
	at app//org.junit.jupiter.api.AssertionFailureBuilder.build(AssertionFailureBuilder.java:151)
	at app//org.junit.jupiter.api.AssertionFailureBuilder.buildAndThrow(AssertionFailureBuilder.java:132)
	at app//org.junit.jupiter.api.AssertEquals.failNotEqual(AssertEquals.java:197)
	at app//org.junit.jupiter.api.AssertEquals.assertEquals(AssertEquals.java:182)
	at app//org.junit.jupiter.api.AssertEquals.assertEquals(AssertEquals.java:177)
	at app//org.junit.jupiter.api.Assertions.assertEquals(Assertions.java:1142)
	at app//ru.vood.processor.datamodel.abstraction.AbstractGeneratorTest.compareTextFile(AbstractGeneratorTest.kt:40)
	at app//ru.vood.processor.datamodel.generator.ContextDataClassesGeneratorTest.textFileTest(ContextDataClassesGeneratorTest.kt:36)
	at java.base@21.0.4/jdk.internal.reflect.DirectMethodHandleAccessor.invoke(DirectMethodHandleAccessor.java:103)
	at java.base@21.0.4/java.lang.reflect.Method.invoke(Method.java:580)
	at app//org.junit.platform.commons.util.ReflectionUtils.invokeMethod(ReflectionUtils.java:727)
	at app//org.junit.jupiter.engine.execution.MethodInvocation.proceed(MethodInvocation.java:60)
	at app//org.junit.jupiter.engine.execution.InvocationInterceptorChain$ValidatingInvocation.proceed(InvocationInterceptorChain.java:131)
	at app//org.junit.jupiter.engine.extension.TimeoutExtension.intercept(TimeoutExtension.java:156)
	at app//org.junit.jupiter.engine.extension.TimeoutExtension.interceptTestableMethod(TimeoutExtension.java:147)
	at app//org.junit.jupiter.engine.extension.TimeoutExtension.interceptTestTemplateMethod(TimeoutExtension.java:94)
	at app//org.junit.jupiter.engine.execution.InterceptingExecutableInvoker$ReflectiveInterceptorCall.lambda$ofVoidMethod$0(InterceptingExecutableInvoker.java:103)
	at app//org.junit.jupiter.engine.execution.InterceptingExecutableInvoker.lambda$invoke$0(InterceptingExecutableInvoker.java:93)
	at app//org.junit.jupiter.engine.execution.InvocationInterceptorChain$InterceptedInvocation.proceed(InvocationInterceptorChain.java:106)
	at app//org.junit.jupiter.engine.execution.InvocationInterceptorChain.proceed(InvocationInterceptorChain.java:64)
	at app//org.junit.jupiter.engine.execution.InvocationInterceptorChain.chainAndInvoke(InvocationInterceptorChain.java:45)
	at app//org.junit.jupiter.engine.execution.InvocationInterceptorChain.invoke(InvocationInterceptorChain.java:37)
	at app//org.junit.jupiter.engine.execution.InterceptingExecutableInvoker.invoke(InterceptingExecutableInvoker.java:92)
	at app//org.junit.jupiter.engine.execution.InterceptingExecutableInvoker.invoke(InterceptingExecutableInvoker.java:86)
	at app//org.junit.jupiter.engine.descriptor.TestMethodTestDescriptor.lambda$invokeTestMethod$7(TestMethodTestDescriptor.java:217)
	at app//org.junit.platform.engine.support.hierarchical.ThrowableCollector.execute(ThrowableCollector.java:73)
	at app//org.junit.jupiter.engine.descriptor.TestMethodTestDescriptor.invokeTestMethod(TestMethodTestDescriptor.java:213)
	at app//org.junit.jupiter.engine.descriptor.TestMethodTestDescriptor.execute(TestMethodTestDescriptor.java:138)
	at app//org.junit.jupiter.engine.descriptor.TestMethodTestDescriptor.execute(TestMethodTestDescriptor.java:68)
	at app//org.junit.platform.engine.support.hierarchical.NodeTestTask.lambda$executeRecursively$6(NodeTestTask.java:151)
	at app//org.junit.platform.engine.support.hierarchical.ThrowableCollector.execute(ThrowableCollector.java:73)
	at app//org.junit.platform.engine.support.hierarchical.NodeTestTask.lambda$executeRecursively$8(NodeTestTask.java:141)
	at app//org.junit.platform.engine.support.hierarchical.Node.around(Node.java:137)
	at app//org.junit.platform.engine.support.hierarchical.NodeTestTask.lambda$executeRecursively$9(NodeTestTask.java:139)
	at app//org.junit.platform.engine.support.hierarchical.ThrowableCollector.execute(ThrowableCollector.java:73)
	at app//org.junit.platform.engine.support.hierarchical.NodeTestTask.executeRecursively(NodeTestTask.java:138)
	at app//org.junit.platform.engine.support.hierarchical.NodeTestTask.execute(NodeTestTask.java:95)
	at app//org.junit.platform.engine.support.hierarchical.SameThreadHierarchicalTestExecutorService.submit(SameThreadHierarchicalTestExecutorService.java:35)
	at app//org.junit.platform.engine.support.hierarchical.NodeTestTask$DefaultDynamicTestExecutor.execute(NodeTestTask.java:226)
	at app//org.junit.platform.engine.support.hierarchical.NodeTestTask$DefaultDynamicTestExecutor.execute(NodeTestTask.java:204)
	at app//org.junit.jupiter.engine.descriptor.TestTemplateTestDescriptor.execute(TestTemplateTestDescriptor.java:142)
	at app//org.junit.jupiter.engine.descriptor.TestTemplateTestDescriptor.lambda$execute$2(TestTemplateTestDescriptor.java:110)
	at java.base@21.0.4/java.util.stream.ForEachOps$ForEachOp$OfRef.accept(ForEachOps.java:184)
	at java.base@21.0.4/java.util.stream.ReferencePipeline$3$1.accept(ReferencePipeline.java:197)
	at java.base@21.0.4/java.util.stream.ReferencePipeline$2$1.accept(ReferencePipeline.java:179)
	at java.base@21.0.4/java.util.stream.ReferencePipeline$3$1.accept(ReferencePipeline.java:197)
	at java.base@21.0.4/java.util.stream.ForEachOps$ForEachOp$OfRef.accept(ForEachOps.java:184)
	at java.base@21.0.4/java.util.stream.ReferencePipeline$3$1.accept(ReferencePipeline.java:197)
	at java.base@21.0.4/java.util.stream.ReferencePipeline$3$1.accept(ReferencePipeline.java:197)
	at java.base@21.0.4/java.util.stream.ReferencePipeline$3$1.accept(ReferencePipeline.java:197)
	at java.base@21.0.4/java.util.stream.ForEachOps$ForEachOp$OfRef.accept(ForEachOps.java:184)
	at java.base@21.0.4/java.util.stream.ReferencePipeline$3$1.accept(ReferencePipeline.java:197)
	at java.base@21.0.4/java.util.ArrayList$ArrayListSpliterator.forEachRemaining(ArrayList.java:1708)
	at java.base@21.0.4/java.util.stream.ReferencePipeline$Head.forEach(ReferencePipeline.java:762)
	at java.base@21.0.4/java.util.stream.ReferencePipeline$7$1.accept(ReferencePipeline.java:276)
	at java.base@21.0.4/java.util.stream.ReferencePipeline$3$1.accept(ReferencePipeline.java:197)
	at java.base@21.0.4/java.util.stream.ReferencePipeline$3$1.accept(ReferencePipeline.java:197)
	at java.base@21.0.4/java.util.Spliterators$ArraySpliterator.forEachRemaining(Spliterators.java:1024)
	at java.base@21.0.4/java.util.stream.AbstractPipeline.copyInto(AbstractPipeline.java:509)
	at java.base@21.0.4/java.util.stream.AbstractPipeline.wrapAndCopyInto(AbstractPipeline.java:499)
	at java.base@21.0.4/java.util.stream.ForEachOps$ForEachOp.evaluateSequential(ForEachOps.java:151)
	at java.base@21.0.4/java.util.stream.ForEachOps$ForEachOp$OfRef.evaluateSequential(ForEachOps.java:174)
	at java.base@21.0.4/java.util.stream.AbstractPipeline.evaluate(AbstractPipeline.java:234)
	at java.base@21.0.4/java.util.stream.ReferencePipeline.forEach(ReferencePipeline.java:596)
	at java.base@21.0.4/java.util.stream.ReferencePipeline$7$1.accept(ReferencePipeline.java:276)
	at java.base@21.0.4/java.util.stream.ReferencePipeline$3$1.accept(ReferencePipeline.java:197)
	at java.base@21.0.4/java.util.stream.ReferencePipeline$3$1.accept(ReferencePipeline.java:197)
	at java.base@21.0.4/java.util.stream.ReferencePipeline$3$1.accept(ReferencePipeline.java:197)
	at java.base@21.0.4/java.util.ArrayList$ArrayListSpliterator.forEachRemaining(ArrayList.java:1708)
	at java.base@21.0.4/java.util.stream.AbstractPipeline.copyInto(AbstractPipeline.java:509)
	at java.base@21.0.4/java.util.stream.AbstractPipeline.wrapAndCopyInto(AbstractPipeline.java:499)
	at java.base@21.0.4/java.util.stream.ForEachOps$ForEachOp.evaluateSequential(ForEachOps.java:151)
	at java.base@21.0.4/java.util.stream.ForEachOps$ForEachOp$OfRef.evaluateSequential(ForEachOps.java:174)
	at java.base@21.0.4/java.util.stream.AbstractPipeline.evaluate(AbstractPipeline.java:234)
	at java.base@21.0.4/java.util.stream.ReferencePipeline.forEach(ReferencePipeline.java:596)
	at java.base@21.0.4/java.util.stream.ReferencePipeline$7$1.accept(ReferencePipeline.java:276)
	at java.base@21.0.4/java.util.ArrayList$ArrayListSpliterator.forEachRemaining(ArrayList.java:1708)
	at java.base@21.0.4/java.util.stream.AbstractPipeline.copyInto(AbstractPipeline.java:509)
	at java.base@21.0.4/java.util.stream.AbstractPipeline.wrapAndCopyInto(AbstractPipeline.java:499)
	at java.base@21.0.4/java.util.stream.ForEachOps$ForEachOp.evaluateSequential(ForEachOps.java:151)
	at java.base@21.0.4/java.util.stream.ForEachOps$ForEachOp$OfRef.evaluateSequential(ForEachOps.java:174)
	at java.base@21.0.4/java.util.stream.AbstractPipeline.evaluate(AbstractPipeline.java:234)
	at java.base@21.0.4/java.util.stream.ReferencePipeline.forEach(ReferencePipeline.java:596)
	at app//org.junit.jupiter.engine.descriptor.TestTemplateTestDescriptor.execute(TestTemplateTestDescriptor.java:110)
	at app//org.junit.jupiter.engine.descriptor.TestTemplateTestDescriptor.execute(TestTemplateTestDescriptor.java:44)
	at app//org.junit.platform.engine.support.hierarchical.NodeTestTask.lambda$executeRecursively$6(NodeTestTask.java:151)
	at app//org.junit.platform.engine.support.hierarchical.ThrowableCollector.execute(ThrowableCollector.java:73)
	at app//org.junit.platform.engine.support.hierarchical.NodeTestTask.lambda$executeRecursively$8(NodeTestTask.java:141)
	at app//org.junit.platform.engine.support.hierarchical.Node.around(Node.java:137)
	at app//org.junit.platform.engine.support.hierarchical.NodeTestTask.lambda$executeRecursively$9(NodeTestTask.java:139)
	at app//org.junit.platform.engine.support.hierarchical.ThrowableCollector.execute(ThrowableCollector.java:73)
	at app//org.junit.platform.engine.support.hierarchical.NodeTestTask.executeRecursively(NodeTestTask.java:138)
	at app//org.junit.platform.engine.support.hierarchical.NodeTestTask.execute(NodeTestTask.java:95)
	at java.base@21.0.4/java.util.ArrayList.forEach(ArrayList.java:1596)
	at app//org.junit.platform.engine.support.hierarchical.SameThreadHierarchicalTestExecutorService.invokeAll(SameThreadHierarchicalTestExecutorService.java:41)
	at app//org.junit.platform.engine.support.hierarchical.NodeTestTask.lambda$executeRecursively$6(NodeTestTask.java:155)
	at app//org.junit.platform.engine.support.hierarchical.ThrowableCollector.execute(ThrowableCollector.java:73)
	at app//org.junit.platform.engine.support.hierarchical.NodeTestTask.lambda$executeRecursively$8(NodeTestTask.java:141)
	at app//org.junit.platform.engine.support.hierarchical.Node.around(Node.java:137)
	at app//org.junit.platform.engine.support.hierarchical.NodeTestTask.lambda$executeRecursively$9(NodeTestTask.java:139)
	at app//org.junit.platform.engine.support.hierarchical.ThrowableCollector.execute(ThrowableCollector.java:73)
	at app//org.junit.platform.engine.support.hierarchical.NodeTestTask.executeRecursively(NodeTestTask.java:138)
	at app//org.junit.platform.engine.support.hierarchical.NodeTestTask.execute(NodeTestTask.java:95)
	at java.base@21.0.4/java.util.ArrayList.forEach(ArrayList.java:1596)
	at app//org.junit.platform.engine.support.hierarchical.SameThreadHierarchicalTestExecutorService.invokeAll(SameThreadHierarchicalTestExecutorService.java:41)
	at app//org.junit.platform.engine.support.hierarchical.NodeTestTask.lambda$executeRecursively$6(NodeTestTask.java:155)
	at app//org.junit.platform.engine.support.hierarchical.ThrowableCollector.execute(ThrowableCollector.java:73)
	at app//org.junit.platform.engine.support.hierarchical.NodeTestTask.lambda$executeRecursively$8(NodeTestTask.java:141)
	at app//org.junit.platform.engine.support.hierarchical.Node.around(Node.java:137)
	at app//org.junit.platform.engine.support.hierarchical.NodeTestTask.lambda$executeRecursively$9(NodeTestTask.java:139)
	at app//org.junit.platform.engine.support.hierarchical.ThrowableCollector.execute(ThrowableCollector.java:73)
	at app//org.junit.platform.engine.support.hierarchical.NodeTestTask.executeRecursively(NodeTestTask.java:138)
	at app//org.junit.platform.engine.support.hierarchical.NodeTestTask.execute(NodeTestTask.java:95)
	at app//org.junit.platform.engine.support.hierarchical.SameThreadHierarchicalTestExecutorService.submit(SameThreadHierarchicalTestExecutorService.java:35)
	at app//org.junit.platform.engine.support.hierarchical.HierarchicalTestExecutor.execute(HierarchicalTestExecutor.java:57)
	at app//org.junit.platform.engine.support.hierarchical.HierarchicalTestEngine.execute(HierarchicalTestEngine.java:54)
	at app//org.junit.platform.launcher.core.EngineExecutionOrchestrator.execute(EngineExecutionOrchestrator.java:107)
	at app//org.junit.platform.launcher.core.EngineExecutionOrchestrator.execute(EngineExecutionOrchestrator.java:88)
	at app//org.junit.platform.launcher.core.EngineExecutionOrchestrator.lambda$execute$0(EngineExecutionOrchestrator.java:54)
	at app//org.junit.platform.launcher.core.EngineExecutionOrchestrator.withInterceptedStreams(EngineExecutionOrchestrator.java:67)
	at app//org.junit.platform.launcher.core.EngineExecutionOrchestrator.execute(EngineExecutionOrchestrator.java:52)
	at app//org.junit.platform.launcher.core.DefaultLauncher.execute(DefaultLauncher.java:114)
	at app//org.junit.platform.launcher.core.DefaultLauncher.execute(DefaultLauncher.java:86)
	at app//org.junit.platform.launcher.core.DefaultLauncherSession$DelegatingLauncher.execute(DefaultLauncherSession.java:86)
	at org.gradle.api.internal.tasks.testing.junitplatform.JUnitPlatformTestClassProcessor$CollectAllTestClassesExecutor.processAllTestClasses(JUnitPlatformTestClassProcessor.java:124)
	at org.gradle.api.internal.tasks.testing.junitplatform.JUnitPlatformTestClassProcessor$CollectAllTestClassesExecutor.access$000(JUnitPlatformTestClassProcessor.java:99)
	at org.gradle.api.internal.tasks.testing.junitplatform.JUnitPlatformTestClassProcessor.stop(JUnitPlatformTestClassProcessor.java:94)
	at org.gradle.api.internal.tasks.testing.SuiteTestClassProcessor.stop(SuiteTestClassProcessor.java:63)
	at java.base@21.0.4/jdk.internal.reflect.DirectMethodHandleAccessor.invoke(DirectMethodHandleAccessor.java:103)
	at java.base@21.0.4/java.lang.reflect.Method.invoke(Method.java:580)
	at org.gradle.internal.dispatch.ReflectionDispatch.dispatch(ReflectionDispatch.java:36)
	at org.gradle.internal.dispatch.ReflectionDispatch.dispatch(ReflectionDispatch.java:24)
	at org.gradle.internal.dispatch.ContextClassLoaderDispatch.dispatch(ContextClassLoaderDispatch.java:33)
	at org.gradle.internal.dispatch.ProxyDispatchAdapter$DispatchingInvocationHandler.invoke(ProxyDispatchAdapter.java:92)
	at jdk.proxy1/jdk.proxy1.$Proxy4.stop(Unknown Source)
	at org.gradle.api.internal.tasks.testing.worker.TestWorker$3.run(TestWorker.java:200)
	at org.gradle.api.internal.tasks.testing.worker.TestWorker.executeAndMaintainThreadName(TestWorker.java:132)
	at org.gradle.api.internal.tasks.testing.worker.TestWorker.execute(TestWorker.java:103)
	at org.gradle.api.internal.tasks.testing.worker.TestWorker.execute(TestWorker.java:63)
	at org.gradle.process.internal.worker.child.ActionExecutionWorker.execute(ActionExecutionWorker.java:56)
	at org.gradle.process.internal.worker.child.SystemApplicationClassLoaderWorker.call(SystemApplicationClassLoaderWorker.java:121)
	at org.gradle.process.internal.worker.child.SystemApplicationClassLoaderWorker.call(SystemApplicationClassLoaderWorker.java:71)
	at app//worker.org.gradle.process.internal.worker.GradleWorkerMain.run(GradleWorkerMain.java:69)
	at app//worker.org.gradle.process.internal.worker.GradleWorkerMain.main(GradleWorkerMain.java:74)
</failure>
  </testcase>
  <testcase name="[3] TestCase(expectedClassFile=DealOneData_PKContext)" classname="ru.vood.processor.datamodel.generator.ContextDataClassesGeneratorTest" time="0.003">
    <failure message="org.opentest4j.AssertionFailedError: expected: &lt;package ru.vood.dmgen.datamodel.sealedData.oneOf&#10;&#10;import javax.`annotation`.processing.Generated&#10;import kotlinx.serialization.KSerializer&#10;import kotlinx.serialization.Serializable&#10;import ru.vood.dmgen.`annotation`.ModelEntityContext&#10;import ru.vood.dmgen.datamodel.sealedData.intf.IContextOf&#10;import ru.vood.dmgen.datamodel.sealedData.metaEnum.EntityEnum&#10;import ru.vood.dmgen.datamodel.sealedData.metaEnum.UniqueKeyEnum&#10;import ru.vood.dmgen.datamodel.valueClasses.DealId&#10;&#10;/**&#10; * Параметр сделки, отношение к сделке один к одному&#10; */&#10;@Generated(value = [&quot;ru.vood.processor.datamodel.generator.ContextDataClassesGenerator&quot;])&#10;@Serializable&#10;@ModelEntityContext&#10;public data class DealOneData_PKContext(&#10;  /**&#10;   * Это ее идентификатор&#10;   */&#10;  public val dealId: DealId,&#10;) : IContextOf&lt;DealOneDataEntity&gt; {&#10;  /**&#10;   * Мета информация по уникальному ключу&#10;   */&#10;  public override val ukName: UniqueKeyEnum&#10;    get() = UniqueKeyEnum.DealOneData_PK&#10;&#10;  /**&#10;   * Мета информация по сущности&#10;   */&#10;  public override val designEntityName: EntityEnum&#10;    get() = EntityEnum.DealOneData&#10;&#10;  /**&#10;   * Сериализатор оригинальной сущности&#10;   */&#10;  public override val ktEntitySerializer: KSerializer&lt;DealOneDataEntity&gt;&#10;    get() = DealOneDataEntity.serializer()&#10;&#10;  /**&#10;   * Сериализатор детальной(аггрегированной) сущности&#10;   */&#10;  public override val ktSyntheticEntitySerializer: KSerializer&lt;DealOneDataDetail&gt;&#10;    get() = DealOneDataDetail.serializer()&#10;}&#10;&gt; but was: &lt;package ru.vood.dmgen.datamodel.sealedData.oneOf&#10;&#10;import javax.`annotation`.processing.Generated&#10;import kotlinx.serialization.KSerializer&#10;import kotlinx.serialization.Serializable&#10;import ru.vood.dmgen.`annotation`.ModelEntityContext&#10;import ru.vood.dmgen.datamodel.valueClasses.DealId&#10;import ru.vood.processor.datamodel.packageForDataModelConfigProcessorProviderTest.create.intf.IContextOf&#10;import ru.vood.processor.datamodel.packageForDataModelConfigProcessorProviderTest.create.metaEnum.EntityEnum&#10;import ru.vood.processor.datamodel.packageForDataModelConfigProcessorProviderTest.create.metaEnum.UniqueKeyEnum&#10;&#10;/**&#10; * Параметр сделки, отношение к сделке один к одному&#10; */&#10;@Generated(value = [&quot;ru.vood.processor.datamodel.generator.ContextDataClassesGenerator&quot;])&#10;@Serializable&#10;@ModelEntityContext&#10;public data class DealOneData_PKContext(&#10;  /**&#10;   * Это ее идентификатор&#10;   */&#10;  public val dealId: DealId,&#10;) : IContextOf&lt;DealOneDataEntity&gt; {&#10;  /**&#10;   * Мета информация по уникальному ключу&#10;   */&#10;  public override val ukName: UniqueKeyEnum&#10;    get() = UniqueKeyEnum.DealOneData_PK&#10;&#10;  /**&#10;   * Мета информация по сущности&#10;   */&#10;  public override val designEntityName: EntityEnum&#10;    get() = EntityEnum.DealOneData&#10;&#10;  /**&#10;   * Сериализатор оригинальной сущности&#10;   */&#10;  public override val ktEntitySerializer: KSerializer&lt;DealOneDataEntity&gt;&#10;    get() = DealOneDataEntity.serializer()&#10;&#10;  /**&#10;   * Сериализатор детальной(аггрегированной) сущности&#10;   */&#10;  public override val ktSyntheticEntitySerializer: KSerializer&lt;DealOneDataDetail&gt;&#10;    get() = DealOneDataDetail.serializer()&#10;}&#10;&gt;" type="org.opentest4j.AssertionFailedError">org.opentest4j.AssertionFailedError: expected: &lt;package ru.vood.dmgen.datamodel.sealedData.oneOf

import javax.`annotation`.processing.Generated
import kotlinx.serialization.KSerializer
import kotlinx.serialization.Serializable
import ru.vood.dmgen.`annotation`.ModelEntityContext
import ru.vood.dmgen.datamodel.sealedData.intf.IContextOf
import ru.vood.dmgen.datamodel.sealedData.metaEnum.EntityEnum
import ru.vood.dmgen.datamodel.sealedData.metaEnum.UniqueKeyEnum
import ru.vood.dmgen.datamodel.valueClasses.DealId

/**
 * Параметр сделки, отношение к сделке один к одному
 */
@Generated(value = [&quot;ru.vood.processor.datamodel.generator.ContextDataClassesGenerator&quot;])
@Serializable
@ModelEntityContext
public data class DealOneData_PKContext(
  /**
   * Это ее идентификатор
   */
  public val dealId: DealId,
) : IContextOf&lt;DealOneDataEntity&gt; {
  /**
   * Мета информация по уникальному ключу
   */
  public override val ukName: UniqueKeyEnum
    get() = UniqueKeyEnum.DealOneData_PK

  /**
   * Мета информация по сущности
   */
  public override val designEntityName: EntityEnum
    get() = EntityEnum.DealOneData

  /**
   * Сериализатор оригинальной сущности
   */
  public override val ktEntitySerializer: KSerializer&lt;DealOneDataEntity&gt;
    get() = DealOneDataEntity.serializer()

  /**
   * Сериализатор детальной(аггрегированной) сущности
   */
  public override val ktSyntheticEntitySerializer: KSerializer&lt;DealOneDataDetail&gt;
    get() = DealOneDataDetail.serializer()
}
&gt; but was: &lt;package ru.vood.dmgen.datamodel.sealedData.oneOf

import javax.`annotation`.processing.Generated
import kotlinx.serialization.KSerializer
import kotlinx.serialization.Serializable
import ru.vood.dmgen.`annotation`.ModelEntityContext
import ru.vood.dmgen.datamodel.valueClasses.DealId
import ru.vood.processor.datamodel.packageForDataModelConfigProcessorProviderTest.create.intf.IContextOf
import ru.vood.processor.datamodel.packageForDataModelConfigProcessorProviderTest.create.metaEnum.EntityEnum
import ru.vood.processor.datamodel.packageForDataModelConfigProcessorProviderTest.create.metaEnum.UniqueKeyEnum

/**
 * Параметр сделки, отношение к сделке один к одному
 */
@Generated(value = [&quot;ru.vood.processor.datamodel.generator.ContextDataClassesGenerator&quot;])
@Serializable
@ModelEntityContext
public data class DealOneData_PKContext(
  /**
   * Это ее идентификатор
   */
  public val dealId: DealId,
) : IContextOf&lt;DealOneDataEntity&gt; {
  /**
   * Мета информация по уникальному ключу
   */
  public override val ukName: UniqueKeyEnum
    get() = UniqueKeyEnum.DealOneData_PK

  /**
   * Мета информация по сущности
   */
  public override val designEntityName: EntityEnum
    get() = EntityEnum.DealOneData

  /**
   * Сериализатор оригинальной сущности
   */
  public override val ktEntitySerializer: KSerializer&lt;DealOneDataEntity&gt;
    get() = DealOneDataEntity.serializer()

  /**
   * Сериализатор детальной(аггрегированной) сущности
   */
  public override val ktSyntheticEntitySerializer: KSerializer&lt;DealOneDataDetail&gt;
    get() = DealOneDataDetail.serializer()
}
&gt;
	at app//org.junit.jupiter.api.AssertionFailureBuilder.build(AssertionFailureBuilder.java:151)
	at app//org.junit.jupiter.api.AssertionFailureBuilder.buildAndThrow(AssertionFailureBuilder.java:132)
	at app//org.junit.jupiter.api.AssertEquals.failNotEqual(AssertEquals.java:197)
	at app//org.junit.jupiter.api.AssertEquals.assertEquals(AssertEquals.java:182)
	at app//org.junit.jupiter.api.AssertEquals.assertEquals(AssertEquals.java:177)
	at app//org.junit.jupiter.api.Assertions.assertEquals(Assertions.java:1142)
	at app//ru.vood.processor.datamodel.abstraction.AbstractGeneratorTest.compareTextFile(AbstractGeneratorTest.kt:40)
	at app//ru.vood.processor.datamodel.generator.ContextDataClassesGeneratorTest.textFileTest(ContextDataClassesGeneratorTest.kt:36)
	at java.base@21.0.4/jdk.internal.reflect.DirectMethodHandleAccessor.invoke(DirectMethodHandleAccessor.java:103)
	at java.base@21.0.4/java.lang.reflect.Method.invoke(Method.java:580)
	at app//org.junit.platform.commons.util.ReflectionUtils.invokeMethod(ReflectionUtils.java:727)
	at app//org.junit.jupiter.engine.execution.MethodInvocation.proceed(MethodInvocation.java:60)
	at app//org.junit.jupiter.engine.execution.InvocationInterceptorChain$ValidatingInvocation.proceed(InvocationInterceptorChain.java:131)
	at app//org.junit.jupiter.engine.extension.TimeoutExtension.intercept(TimeoutExtension.java:156)
	at app//org.junit.jupiter.engine.extension.TimeoutExtension.interceptTestableMethod(TimeoutExtension.java:147)
	at app//org.junit.jupiter.engine.extension.TimeoutExtension.interceptTestTemplateMethod(TimeoutExtension.java:94)
	at app//org.junit.jupiter.engine.execution.InterceptingExecutableInvoker$ReflectiveInterceptorCall.lambda$ofVoidMethod$0(InterceptingExecutableInvoker.java:103)
	at app//org.junit.jupiter.engine.execution.InterceptingExecutableInvoker.lambda$invoke$0(InterceptingExecutableInvoker.java:93)
	at app//org.junit.jupiter.engine.execution.InvocationInterceptorChain$InterceptedInvocation.proceed(InvocationInterceptorChain.java:106)
	at app//org.junit.jupiter.engine.execution.InvocationInterceptorChain.proceed(InvocationInterceptorChain.java:64)
	at app//org.junit.jupiter.engine.execution.InvocationInterceptorChain.chainAndInvoke(InvocationInterceptorChain.java:45)
	at app//org.junit.jupiter.engine.execution.InvocationInterceptorChain.invoke(InvocationInterceptorChain.java:37)
	at app//org.junit.jupiter.engine.execution.InterceptingExecutableInvoker.invoke(InterceptingExecutableInvoker.java:92)
	at app//org.junit.jupiter.engine.execution.InterceptingExecutableInvoker.invoke(InterceptingExecutableInvoker.java:86)
	at app//org.junit.jupiter.engine.descriptor.TestMethodTestDescriptor.lambda$invokeTestMethod$7(TestMethodTestDescriptor.java:217)
	at app//org.junit.platform.engine.support.hierarchical.ThrowableCollector.execute(ThrowableCollector.java:73)
	at app//org.junit.jupiter.engine.descriptor.TestMethodTestDescriptor.invokeTestMethod(TestMethodTestDescriptor.java:213)
	at app//org.junit.jupiter.engine.descriptor.TestMethodTestDescriptor.execute(TestMethodTestDescriptor.java:138)
	at app//org.junit.jupiter.engine.descriptor.TestMethodTestDescriptor.execute(TestMethodTestDescriptor.java:68)
	at app//org.junit.platform.engine.support.hierarchical.NodeTestTask.lambda$executeRecursively$6(NodeTestTask.java:151)
	at app//org.junit.platform.engine.support.hierarchical.ThrowableCollector.execute(ThrowableCollector.java:73)
	at app//org.junit.platform.engine.support.hierarchical.NodeTestTask.lambda$executeRecursively$8(NodeTestTask.java:141)
	at app//org.junit.platform.engine.support.hierarchical.Node.around(Node.java:137)
	at app//org.junit.platform.engine.support.hierarchical.NodeTestTask.lambda$executeRecursively$9(NodeTestTask.java:139)
	at app//org.junit.platform.engine.support.hierarchical.ThrowableCollector.execute(ThrowableCollector.java:73)
	at app//org.junit.platform.engine.support.hierarchical.NodeTestTask.executeRecursively(NodeTestTask.java:138)
	at app//org.junit.platform.engine.support.hierarchical.NodeTestTask.execute(NodeTestTask.java:95)
	at app//org.junit.platform.engine.support.hierarchical.SameThreadHierarchicalTestExecutorService.submit(SameThreadHierarchicalTestExecutorService.java:35)
	at app//org.junit.platform.engine.support.hierarchical.NodeTestTask$DefaultDynamicTestExecutor.execute(NodeTestTask.java:226)
	at app//org.junit.platform.engine.support.hierarchical.NodeTestTask$DefaultDynamicTestExecutor.execute(NodeTestTask.java:204)
	at app//org.junit.jupiter.engine.descriptor.TestTemplateTestDescriptor.execute(TestTemplateTestDescriptor.java:142)
	at app//org.junit.jupiter.engine.descriptor.TestTemplateTestDescriptor.lambda$execute$2(TestTemplateTestDescriptor.java:110)
	at java.base@21.0.4/java.util.stream.ForEachOps$ForEachOp$OfRef.accept(ForEachOps.java:184)
	at java.base@21.0.4/java.util.stream.ReferencePipeline$3$1.accept(ReferencePipeline.java:197)
	at java.base@21.0.4/java.util.stream.ReferencePipeline$2$1.accept(ReferencePipeline.java:179)
	at java.base@21.0.4/java.util.stream.ReferencePipeline$3$1.accept(ReferencePipeline.java:197)
	at java.base@21.0.4/java.util.stream.ForEachOps$ForEachOp$OfRef.accept(ForEachOps.java:184)
	at java.base@21.0.4/java.util.stream.ReferencePipeline$3$1.accept(ReferencePipeline.java:197)
	at java.base@21.0.4/java.util.stream.ReferencePipeline$3$1.accept(ReferencePipeline.java:197)
	at java.base@21.0.4/java.util.stream.ReferencePipeline$3$1.accept(ReferencePipeline.java:197)
	at java.base@21.0.4/java.util.stream.ForEachOps$ForEachOp$OfRef.accept(ForEachOps.java:184)
	at java.base@21.0.4/java.util.stream.ReferencePipeline$3$1.accept(ReferencePipeline.java:197)
	at java.base@21.0.4/java.util.ArrayList$ArrayListSpliterator.forEachRemaining(ArrayList.java:1708)
	at java.base@21.0.4/java.util.stream.ReferencePipeline$Head.forEach(ReferencePipeline.java:762)
	at java.base@21.0.4/java.util.stream.ReferencePipeline$7$1.accept(ReferencePipeline.java:276)
	at java.base@21.0.4/java.util.stream.ReferencePipeline$3$1.accept(ReferencePipeline.java:197)
	at java.base@21.0.4/java.util.stream.ReferencePipeline$3$1.accept(ReferencePipeline.java:197)
	at java.base@21.0.4/java.util.Spliterators$ArraySpliterator.forEachRemaining(Spliterators.java:1024)
	at java.base@21.0.4/java.util.stream.AbstractPipeline.copyInto(AbstractPipeline.java:509)
	at java.base@21.0.4/java.util.stream.AbstractPipeline.wrapAndCopyInto(AbstractPipeline.java:499)
	at java.base@21.0.4/java.util.stream.ForEachOps$ForEachOp.evaluateSequential(ForEachOps.java:151)
	at java.base@21.0.4/java.util.stream.ForEachOps$ForEachOp$OfRef.evaluateSequential(ForEachOps.java:174)
	at java.base@21.0.4/java.util.stream.AbstractPipeline.evaluate(AbstractPipeline.java:234)
	at java.base@21.0.4/java.util.stream.ReferencePipeline.forEach(ReferencePipeline.java:596)
	at java.base@21.0.4/java.util.stream.ReferencePipeline$7$1.accept(ReferencePipeline.java:276)
	at java.base@21.0.4/java.util.stream.ReferencePipeline$3$1.accept(ReferencePipeline.java:197)
	at java.base@21.0.4/java.util.stream.ReferencePipeline$3$1.accept(ReferencePipeline.java:197)
	at java.base@21.0.4/java.util.stream.ReferencePipeline$3$1.accept(ReferencePipeline.java:197)
	at java.base@21.0.4/java.util.ArrayList$ArrayListSpliterator.forEachRemaining(ArrayList.java:1708)
	at java.base@21.0.4/java.util.stream.AbstractPipeline.copyInto(AbstractPipeline.java:509)
	at java.base@21.0.4/java.util.stream.AbstractPipeline.wrapAndCopyInto(AbstractPipeline.java:499)
	at java.base@21.0.4/java.util.stream.ForEachOps$ForEachOp.evaluateSequential(ForEachOps.java:151)
	at java.base@21.0.4/java.util.stream.ForEachOps$ForEachOp$OfRef.evaluateSequential(ForEachOps.java:174)
	at java.base@21.0.4/java.util.stream.AbstractPipeline.evaluate(AbstractPipeline.java:234)
	at java.base@21.0.4/java.util.stream.ReferencePipeline.forEach(ReferencePipeline.java:596)
	at java.base@21.0.4/java.util.stream.ReferencePipeline$7$1.accept(ReferencePipeline.java:276)
	at java.base@21.0.4/java.util.ArrayList$ArrayListSpliterator.forEachRemaining(ArrayList.java:1708)
	at java.base@21.0.4/java.util.stream.AbstractPipeline.copyInto(AbstractPipeline.java:509)
	at java.base@21.0.4/java.util.stream.AbstractPipeline.wrapAndCopyInto(AbstractPipeline.java:499)
	at java.base@21.0.4/java.util.stream.ForEachOps$ForEachOp.evaluateSequential(ForEachOps.java:151)
	at java.base@21.0.4/java.util.stream.ForEachOps$ForEachOp$OfRef.evaluateSequential(ForEachOps.java:174)
	at java.base@21.0.4/java.util.stream.AbstractPipeline.evaluate(AbstractPipeline.java:234)
	at java.base@21.0.4/java.util.stream.ReferencePipeline.forEach(ReferencePipeline.java:596)
	at app//org.junit.jupiter.engine.descriptor.TestTemplateTestDescriptor.execute(TestTemplateTestDescriptor.java:110)
	at app//org.junit.jupiter.engine.descriptor.TestTemplateTestDescriptor.execute(TestTemplateTestDescriptor.java:44)
	at app//org.junit.platform.engine.support.hierarchical.NodeTestTask.lambda$executeRecursively$6(NodeTestTask.java:151)
	at app//org.junit.platform.engine.support.hierarchical.ThrowableCollector.execute(ThrowableCollector.java:73)
	at app//org.junit.platform.engine.support.hierarchical.NodeTestTask.lambda$executeRecursively$8(NodeTestTask.java:141)
	at app//org.junit.platform.engine.support.hierarchical.Node.around(Node.java:137)
	at app//org.junit.platform.engine.support.hierarchical.NodeTestTask.lambda$executeRecursively$9(NodeTestTask.java:139)
	at app//org.junit.platform.engine.support.hierarchical.ThrowableCollector.execute(ThrowableCollector.java:73)
	at app//org.junit.platform.engine.support.hierarchical.NodeTestTask.executeRecursively(NodeTestTask.java:138)
	at app//org.junit.platform.engine.support.hierarchical.NodeTestTask.execute(NodeTestTask.java:95)
	at java.base@21.0.4/java.util.ArrayList.forEach(ArrayList.java:1596)
	at app//org.junit.platform.engine.support.hierarchical.SameThreadHierarchicalTestExecutorService.invokeAll(SameThreadHierarchicalTestExecutorService.java:41)
	at app//org.junit.platform.engine.support.hierarchical.NodeTestTask.lambda$executeRecursively$6(NodeTestTask.java:155)
	at app//org.junit.platform.engine.support.hierarchical.ThrowableCollector.execute(ThrowableCollector.java:73)
	at app//org.junit.platform.engine.support.hierarchical.NodeTestTask.lambda$executeRecursively$8(NodeTestTask.java:141)
	at app//org.junit.platform.engine.support.hierarchical.Node.around(Node.java:137)
	at app//org.junit.platform.engine.support.hierarchical.NodeTestTask.lambda$executeRecursively$9(NodeTestTask.java:139)
	at app//org.junit.platform.engine.support.hierarchical.ThrowableCollector.execute(ThrowableCollector.java:73)
	at app//org.junit.platform.engine.support.hierarchical.NodeTestTask.executeRecursively(NodeTestTask.java:138)
	at app//org.junit.platform.engine.support.hierarchical.NodeTestTask.execute(NodeTestTask.java:95)
	at java.base@21.0.4/java.util.ArrayList.forEach(ArrayList.java:1596)
	at app//org.junit.platform.engine.support.hierarchical.SameThreadHierarchicalTestExecutorService.invokeAll(SameThreadHierarchicalTestExecutorService.java:41)
	at app//org.junit.platform.engine.support.hierarchical.NodeTestTask.lambda$executeRecursively$6(NodeTestTask.java:155)
	at app//org.junit.platform.engine.support.hierarchical.ThrowableCollector.execute(ThrowableCollector.java:73)
	at app//org.junit.platform.engine.support.hierarchical.NodeTestTask.lambda$executeRecursively$8(NodeTestTask.java:141)
	at app//org.junit.platform.engine.support.hierarchical.Node.around(Node.java:137)
	at app//org.junit.platform.engine.support.hierarchical.NodeTestTask.lambda$executeRecursively$9(NodeTestTask.java:139)
	at app//org.junit.platform.engine.support.hierarchical.ThrowableCollector.execute(ThrowableCollector.java:73)
	at app//org.junit.platform.engine.support.hierarchical.NodeTestTask.executeRecursively(NodeTestTask.java:138)
	at app//org.junit.platform.engine.support.hierarchical.NodeTestTask.execute(NodeTestTask.java:95)
	at app//org.junit.platform.engine.support.hierarchical.SameThreadHierarchicalTestExecutorService.submit(SameThreadHierarchicalTestExecutorService.java:35)
	at app//org.junit.platform.engine.support.hierarchical.HierarchicalTestExecutor.execute(HierarchicalTestExecutor.java:57)
	at app//org.junit.platform.engine.support.hierarchical.HierarchicalTestEngine.execute(HierarchicalTestEngine.java:54)
	at app//org.junit.platform.launcher.core.EngineExecutionOrchestrator.execute(EngineExecutionOrchestrator.java:107)
	at app//org.junit.platform.launcher.core.EngineExecutionOrchestrator.execute(EngineExecutionOrchestrator.java:88)
	at app//org.junit.platform.launcher.core.EngineExecutionOrchestrator.lambda$execute$0(EngineExecutionOrchestrator.java:54)
	at app//org.junit.platform.launcher.core.EngineExecutionOrchestrator.withInterceptedStreams(EngineExecutionOrchestrator.java:67)
	at app//org.junit.platform.launcher.core.EngineExecutionOrchestrator.execute(EngineExecutionOrchestrator.java:52)
	at app//org.junit.platform.launcher.core.DefaultLauncher.execute(DefaultLauncher.java:114)
	at app//org.junit.platform.launcher.core.DefaultLauncher.execute(DefaultLauncher.java:86)
	at app//org.junit.platform.launcher.core.DefaultLauncherSession$DelegatingLauncher.execute(DefaultLauncherSession.java:86)
	at org.gradle.api.internal.tasks.testing.junitplatform.JUnitPlatformTestClassProcessor$CollectAllTestClassesExecutor.processAllTestClasses(JUnitPlatformTestClassProcessor.java:124)
	at org.gradle.api.internal.tasks.testing.junitplatform.JUnitPlatformTestClassProcessor$CollectAllTestClassesExecutor.access$000(JUnitPlatformTestClassProcessor.java:99)
	at org.gradle.api.internal.tasks.testing.junitplatform.JUnitPlatformTestClassProcessor.stop(JUnitPlatformTestClassProcessor.java:94)
	at org.gradle.api.internal.tasks.testing.SuiteTestClassProcessor.stop(SuiteTestClassProcessor.java:63)
	at java.base@21.0.4/jdk.internal.reflect.DirectMethodHandleAccessor.invoke(DirectMethodHandleAccessor.java:103)
	at java.base@21.0.4/java.lang.reflect.Method.invoke(Method.java:580)
	at org.gradle.internal.dispatch.ReflectionDispatch.dispatch(ReflectionDispatch.java:36)
	at org.gradle.internal.dispatch.ReflectionDispatch.dispatch(ReflectionDispatch.java:24)
	at org.gradle.internal.dispatch.ContextClassLoaderDispatch.dispatch(ContextClassLoaderDispatch.java:33)
	at org.gradle.internal.dispatch.ProxyDispatchAdapter$DispatchingInvocationHandler.invoke(ProxyDispatchAdapter.java:92)
	at jdk.proxy1/jdk.proxy1.$Proxy4.stop(Unknown Source)
	at org.gradle.api.internal.tasks.testing.worker.TestWorker$3.run(TestWorker.java:200)
	at org.gradle.api.internal.tasks.testing.worker.TestWorker.executeAndMaintainThreadName(TestWorker.java:132)
	at org.gradle.api.internal.tasks.testing.worker.TestWorker.execute(TestWorker.java:103)
	at org.gradle.api.internal.tasks.testing.worker.TestWorker.execute(TestWorker.java:63)
	at org.gradle.process.internal.worker.child.ActionExecutionWorker.execute(ActionExecutionWorker.java:56)
	at org.gradle.process.internal.worker.child.SystemApplicationClassLoaderWorker.call(SystemApplicationClassLoaderWorker.java:121)
	at org.gradle.process.internal.worker.child.SystemApplicationClassLoaderWorker.call(SystemApplicationClassLoaderWorker.java:71)
	at app//worker.org.gradle.process.internal.worker.GradleWorkerMain.run(GradleWorkerMain.java:69)
	at app//worker.org.gradle.process.internal.worker.GradleWorkerMain.main(GradleWorkerMain.java:74)
</failure>
  </testcase>
  <testcase name="[4] TestCase(expectedClassFile=DealTwoData_PKContext)" classname="ru.vood.processor.datamodel.generator.ContextDataClassesGeneratorTest" time="0.003">
    <failure message="org.opentest4j.AssertionFailedError: expected: &lt;package ru.vood.dmgen.datamodel.sealedData.oneOf&#10;&#10;import javax.`annotation`.processing.Generated&#10;import kotlinx.serialization.KSerializer&#10;import kotlinx.serialization.Serializable&#10;import ru.vood.dmgen.`annotation`.ModelEntityContext&#10;import ru.vood.dmgen.datamodel.sealedData.intf.IContextOf&#10;import ru.vood.dmgen.datamodel.sealedData.metaEnum.EntityEnum&#10;import ru.vood.dmgen.datamodel.sealedData.metaEnum.UniqueKeyEnum&#10;import ru.vood.dmgen.datamodel.valueClasses.DealId&#10;&#10;/**&#10; * Параметр сделки, отношение к сделке один к одному&#10; */&#10;@Generated(value = [&quot;ru.vood.processor.datamodel.generator.ContextDataClassesGenerator&quot;])&#10;@Serializable&#10;@ModelEntityContext&#10;public data class DealTwoData_PKContext(&#10;  /**&#10;   * Это ее идентификатор&#10;   */&#10;  public val dealId: DealId,&#10;) : IContextOf&lt;DealTwoDataEntity&gt; {&#10;  /**&#10;   * Мета информация по уникальному ключу&#10;   */&#10;  public override val ukName: UniqueKeyEnum&#10;    get() = UniqueKeyEnum.DealTwoData_PK&#10;&#10;  /**&#10;   * Мета информация по сущности&#10;   */&#10;  public override val designEntityName: EntityEnum&#10;    get() = EntityEnum.DealTwoData&#10;&#10;  /**&#10;   * Сериализатор оригинальной сущности&#10;   */&#10;  public override val ktEntitySerializer: KSerializer&lt;DealTwoDataEntity&gt;&#10;    get() = DealTwoDataEntity.serializer()&#10;&#10;  /**&#10;   * Сериализатор детальной(аггрегированной) сущности&#10;   */&#10;  public override val ktSyntheticEntitySerializer: KSerializer&lt;DealTwoDataDetail&gt;&#10;    get() = DealTwoDataDetail.serializer()&#10;}&#10;&gt; but was: &lt;package ru.vood.dmgen.datamodel.sealedData.oneOf&#10;&#10;import javax.`annotation`.processing.Generated&#10;import kotlinx.serialization.KSerializer&#10;import kotlinx.serialization.Serializable&#10;import ru.vood.dmgen.`annotation`.ModelEntityContext&#10;import ru.vood.dmgen.datamodel.valueClasses.DealId&#10;import ru.vood.processor.datamodel.packageForDataModelConfigProcessorProviderTest.create.intf.IContextOf&#10;import ru.vood.processor.datamodel.packageForDataModelConfigProcessorProviderTest.create.metaEnum.EntityEnum&#10;import ru.vood.processor.datamodel.packageForDataModelConfigProcessorProviderTest.create.metaEnum.UniqueKeyEnum&#10;&#10;/**&#10; * Параметр сделки, отношение к сделке один к одному&#10; */&#10;@Generated(value = [&quot;ru.vood.processor.datamodel.generator.ContextDataClassesGenerator&quot;])&#10;@Serializable&#10;@ModelEntityContext&#10;public data class DealTwoData_PKContext(&#10;  /**&#10;   * Это ее идентификатор&#10;   */&#10;  public val dealId: DealId,&#10;) : IContextOf&lt;DealTwoDataEntity&gt; {&#10;  /**&#10;   * Мета информация по уникальному ключу&#10;   */&#10;  public override val ukName: UniqueKeyEnum&#10;    get() = UniqueKeyEnum.DealTwoData_PK&#10;&#10;  /**&#10;   * Мета информация по сущности&#10;   */&#10;  public override val designEntityName: EntityEnum&#10;    get() = EntityEnum.DealTwoData&#10;&#10;  /**&#10;   * Сериализатор оригинальной сущности&#10;   */&#10;  public override val ktEntitySerializer: KSerializer&lt;DealTwoDataEntity&gt;&#10;    get() = DealTwoDataEntity.serializer()&#10;&#10;  /**&#10;   * Сериализатор детальной(аггрегированной) сущности&#10;   */&#10;  public override val ktSyntheticEntitySerializer: KSerializer&lt;DealTwoDataDetail&gt;&#10;    get() = DealTwoDataDetail.serializer()&#10;}&#10;&gt;" type="org.opentest4j.AssertionFailedError">org.opentest4j.AssertionFailedError: expected: &lt;package ru.vood.dmgen.datamodel.sealedData.oneOf

import javax.`annotation`.processing.Generated
import kotlinx.serialization.KSerializer
import kotlinx.serialization.Serializable
import ru.vood.dmgen.`annotation`.ModelEntityContext
import ru.vood.dmgen.datamodel.sealedData.intf.IContextOf
import ru.vood.dmgen.datamodel.sealedData.metaEnum.EntityEnum
import ru.vood.dmgen.datamodel.sealedData.metaEnum.UniqueKeyEnum
import ru.vood.dmgen.datamodel.valueClasses.DealId

/**
 * Параметр сделки, отношение к сделке один к одному
 */
@Generated(value = [&quot;ru.vood.processor.datamodel.generator.ContextDataClassesGenerator&quot;])
@Serializable
@ModelEntityContext
public data class DealTwoData_PKContext(
  /**
   * Это ее идентификатор
   */
  public val dealId: DealId,
) : IContextOf&lt;DealTwoDataEntity&gt; {
  /**
   * Мета информация по уникальному ключу
   */
  public override val ukName: UniqueKeyEnum
    get() = UniqueKeyEnum.DealTwoData_PK

  /**
   * Мета информация по сущности
   */
  public override val designEntityName: EntityEnum
    get() = EntityEnum.DealTwoData

  /**
   * Сериализатор оригинальной сущности
   */
  public override val ktEntitySerializer: KSerializer&lt;DealTwoDataEntity&gt;
    get() = DealTwoDataEntity.serializer()

  /**
   * Сериализатор детальной(аггрегированной) сущности
   */
  public override val ktSyntheticEntitySerializer: KSerializer&lt;DealTwoDataDetail&gt;
    get() = DealTwoDataDetail.serializer()
}
&gt; but was: &lt;package ru.vood.dmgen.datamodel.sealedData.oneOf

import javax.`annotation`.processing.Generated
import kotlinx.serialization.KSerializer
import kotlinx.serialization.Serializable
import ru.vood.dmgen.`annotation`.ModelEntityContext
import ru.vood.dmgen.datamodel.valueClasses.DealId
import ru.vood.processor.datamodel.packageForDataModelConfigProcessorProviderTest.create.intf.IContextOf
import ru.vood.processor.datamodel.packageForDataModelConfigProcessorProviderTest.create.metaEnum.EntityEnum
import ru.vood.processor.datamodel.packageForDataModelConfigProcessorProviderTest.create.metaEnum.UniqueKeyEnum

/**
 * Параметр сделки, отношение к сделке один к одному
 */
@Generated(value = [&quot;ru.vood.processor.datamodel.generator.ContextDataClassesGenerator&quot;])
@Serializable
@ModelEntityContext
public data class DealTwoData_PKContext(
  /**
   * Это ее идентификатор
   */
  public val dealId: DealId,
) : IContextOf&lt;DealTwoDataEntity&gt; {
  /**
   * Мета информация по уникальному ключу
   */
  public override val ukName: UniqueKeyEnum
    get() = UniqueKeyEnum.DealTwoData_PK

  /**
   * Мета информация по сущности
   */
  public override val designEntityName: EntityEnum
    get() = EntityEnum.DealTwoData

  /**
   * Сериализатор оригинальной сущности
   */
  public override val ktEntitySerializer: KSerializer&lt;DealTwoDataEntity&gt;
    get() = DealTwoDataEntity.serializer()

  /**
   * Сериализатор детальной(аггрегированной) сущности
   */
  public override val ktSyntheticEntitySerializer: KSerializer&lt;DealTwoDataDetail&gt;
    get() = DealTwoDataDetail.serializer()
}
&gt;
	at app//org.junit.jupiter.api.AssertionFailureBuilder.build(AssertionFailureBuilder.java:151)
	at app//org.junit.jupiter.api.AssertionFailureBuilder.buildAndThrow(AssertionFailureBuilder.java:132)
	at app//org.junit.jupiter.api.AssertEquals.failNotEqual(AssertEquals.java:197)
	at app//org.junit.jupiter.api.AssertEquals.assertEquals(AssertEquals.java:182)
	at app//org.junit.jupiter.api.AssertEquals.assertEquals(AssertEquals.java:177)
	at app//org.junit.jupiter.api.Assertions.assertEquals(Assertions.java:1142)
	at app//ru.vood.processor.datamodel.abstraction.AbstractGeneratorTest.compareTextFile(AbstractGeneratorTest.kt:40)
	at app//ru.vood.processor.datamodel.generator.ContextDataClassesGeneratorTest.textFileTest(ContextDataClassesGeneratorTest.kt:36)
	at java.base@21.0.4/jdk.internal.reflect.DirectMethodHandleAccessor.invoke(DirectMethodHandleAccessor.java:103)
	at java.base@21.0.4/java.lang.reflect.Method.invoke(Method.java:580)
	at app//org.junit.platform.commons.util.ReflectionUtils.invokeMethod(ReflectionUtils.java:727)
	at app//org.junit.jupiter.engine.execution.MethodInvocation.proceed(MethodInvocation.java:60)
	at app//org.junit.jupiter.engine.execution.InvocationInterceptorChain$ValidatingInvocation.proceed(InvocationInterceptorChain.java:131)
	at app//org.junit.jupiter.engine.extension.TimeoutExtension.intercept(TimeoutExtension.java:156)
	at app//org.junit.jupiter.engine.extension.TimeoutExtension.interceptTestableMethod(TimeoutExtension.java:147)
	at app//org.junit.jupiter.engine.extension.TimeoutExtension.interceptTestTemplateMethod(TimeoutExtension.java:94)
	at app//org.junit.jupiter.engine.execution.InterceptingExecutableInvoker$ReflectiveInterceptorCall.lambda$ofVoidMethod$0(InterceptingExecutableInvoker.java:103)
	at app//org.junit.jupiter.engine.execution.InterceptingExecutableInvoker.lambda$invoke$0(InterceptingExecutableInvoker.java:93)
	at app//org.junit.jupiter.engine.execution.InvocationInterceptorChain$InterceptedInvocation.proceed(InvocationInterceptorChain.java:106)
	at app//org.junit.jupiter.engine.execution.InvocationInterceptorChain.proceed(InvocationInterceptorChain.java:64)
	at app//org.junit.jupiter.engine.execution.InvocationInterceptorChain.chainAndInvoke(InvocationInterceptorChain.java:45)
	at app//org.junit.jupiter.engine.execution.InvocationInterceptorChain.invoke(InvocationInterceptorChain.java:37)
	at app//org.junit.jupiter.engine.execution.InterceptingExecutableInvoker.invoke(InterceptingExecutableInvoker.java:92)
	at app//org.junit.jupiter.engine.execution.InterceptingExecutableInvoker.invoke(InterceptingExecutableInvoker.java:86)
	at app//org.junit.jupiter.engine.descriptor.TestMethodTestDescriptor.lambda$invokeTestMethod$7(TestMethodTestDescriptor.java:217)
	at app//org.junit.platform.engine.support.hierarchical.ThrowableCollector.execute(ThrowableCollector.java:73)
	at app//org.junit.jupiter.engine.descriptor.TestMethodTestDescriptor.invokeTestMethod(TestMethodTestDescriptor.java:213)
	at app//org.junit.jupiter.engine.descriptor.TestMethodTestDescriptor.execute(TestMethodTestDescriptor.java:138)
	at app//org.junit.jupiter.engine.descriptor.TestMethodTestDescriptor.execute(TestMethodTestDescriptor.java:68)
	at app//org.junit.platform.engine.support.hierarchical.NodeTestTask.lambda$executeRecursively$6(NodeTestTask.java:151)
	at app//org.junit.platform.engine.support.hierarchical.ThrowableCollector.execute(ThrowableCollector.java:73)
	at app//org.junit.platform.engine.support.hierarchical.NodeTestTask.lambda$executeRecursively$8(NodeTestTask.java:141)
	at app//org.junit.platform.engine.support.hierarchical.Node.around(Node.java:137)
	at app//org.junit.platform.engine.support.hierarchical.NodeTestTask.lambda$executeRecursively$9(NodeTestTask.java:139)
	at app//org.junit.platform.engine.support.hierarchical.ThrowableCollector.execute(ThrowableCollector.java:73)
	at app//org.junit.platform.engine.support.hierarchical.NodeTestTask.executeRecursively(NodeTestTask.java:138)
	at app//org.junit.platform.engine.support.hierarchical.NodeTestTask.execute(NodeTestTask.java:95)
	at app//org.junit.platform.engine.support.hierarchical.SameThreadHierarchicalTestExecutorService.submit(SameThreadHierarchicalTestExecutorService.java:35)
	at app//org.junit.platform.engine.support.hierarchical.NodeTestTask$DefaultDynamicTestExecutor.execute(NodeTestTask.java:226)
	at app//org.junit.platform.engine.support.hierarchical.NodeTestTask$DefaultDynamicTestExecutor.execute(NodeTestTask.java:204)
	at app//org.junit.jupiter.engine.descriptor.TestTemplateTestDescriptor.execute(TestTemplateTestDescriptor.java:142)
	at app//org.junit.jupiter.engine.descriptor.TestTemplateTestDescriptor.lambda$execute$2(TestTemplateTestDescriptor.java:110)
	at java.base@21.0.4/java.util.stream.ForEachOps$ForEachOp$OfRef.accept(ForEachOps.java:184)
	at java.base@21.0.4/java.util.stream.ReferencePipeline$3$1.accept(ReferencePipeline.java:197)
	at java.base@21.0.4/java.util.stream.ReferencePipeline$2$1.accept(ReferencePipeline.java:179)
	at java.base@21.0.4/java.util.stream.ReferencePipeline$3$1.accept(ReferencePipeline.java:197)
	at java.base@21.0.4/java.util.stream.ForEachOps$ForEachOp$OfRef.accept(ForEachOps.java:184)
	at java.base@21.0.4/java.util.stream.ReferencePipeline$3$1.accept(ReferencePipeline.java:197)
	at java.base@21.0.4/java.util.stream.ReferencePipeline$3$1.accept(ReferencePipeline.java:197)
	at java.base@21.0.4/java.util.stream.ReferencePipeline$3$1.accept(ReferencePipeline.java:197)
	at java.base@21.0.4/java.util.stream.ForEachOps$ForEachOp$OfRef.accept(ForEachOps.java:184)
	at java.base@21.0.4/java.util.stream.ReferencePipeline$3$1.accept(ReferencePipeline.java:197)
	at java.base@21.0.4/java.util.ArrayList$ArrayListSpliterator.forEachRemaining(ArrayList.java:1708)
	at java.base@21.0.4/java.util.stream.ReferencePipeline$Head.forEach(ReferencePipeline.java:762)
	at java.base@21.0.4/java.util.stream.ReferencePipeline$7$1.accept(ReferencePipeline.java:276)
	at java.base@21.0.4/java.util.stream.ReferencePipeline$3$1.accept(ReferencePipeline.java:197)
	at java.base@21.0.4/java.util.stream.ReferencePipeline$3$1.accept(ReferencePipeline.java:197)
	at java.base@21.0.4/java.util.Spliterators$ArraySpliterator.forEachRemaining(Spliterators.java:1024)
	at java.base@21.0.4/java.util.stream.AbstractPipeline.copyInto(AbstractPipeline.java:509)
	at java.base@21.0.4/java.util.stream.AbstractPipeline.wrapAndCopyInto(AbstractPipeline.java:499)
	at java.base@21.0.4/java.util.stream.ForEachOps$ForEachOp.evaluateSequential(ForEachOps.java:151)
	at java.base@21.0.4/java.util.stream.ForEachOps$ForEachOp$OfRef.evaluateSequential(ForEachOps.java:174)
	at java.base@21.0.4/java.util.stream.AbstractPipeline.evaluate(AbstractPipeline.java:234)
	at java.base@21.0.4/java.util.stream.ReferencePipeline.forEach(ReferencePipeline.java:596)
	at java.base@21.0.4/java.util.stream.ReferencePipeline$7$1.accept(ReferencePipeline.java:276)
	at java.base@21.0.4/java.util.stream.ReferencePipeline$3$1.accept(ReferencePipeline.java:197)
	at java.base@21.0.4/java.util.stream.ReferencePipeline$3$1.accept(ReferencePipeline.java:197)
	at java.base@21.0.4/java.util.stream.ReferencePipeline$3$1.accept(ReferencePipeline.java:197)
	at java.base@21.0.4/java.util.ArrayList$ArrayListSpliterator.forEachRemaining(ArrayList.java:1708)
	at java.base@21.0.4/java.util.stream.AbstractPipeline.copyInto(AbstractPipeline.java:509)
	at java.base@21.0.4/java.util.stream.AbstractPipeline.wrapAndCopyInto(AbstractPipeline.java:499)
	at java.base@21.0.4/java.util.stream.ForEachOps$ForEachOp.evaluateSequential(ForEachOps.java:151)
	at java.base@21.0.4/java.util.stream.ForEachOps$ForEachOp$OfRef.evaluateSequential(ForEachOps.java:174)
	at java.base@21.0.4/java.util.stream.AbstractPipeline.evaluate(AbstractPipeline.java:234)
	at java.base@21.0.4/java.util.stream.ReferencePipeline.forEach(ReferencePipeline.java:596)
	at java.base@21.0.4/java.util.stream.ReferencePipeline$7$1.accept(ReferencePipeline.java:276)
	at java.base@21.0.4/java.util.ArrayList$ArrayListSpliterator.forEachRemaining(ArrayList.java:1708)
	at java.base@21.0.4/java.util.stream.AbstractPipeline.copyInto(AbstractPipeline.java:509)
	at java.base@21.0.4/java.util.stream.AbstractPipeline.wrapAndCopyInto(AbstractPipeline.java:499)
	at java.base@21.0.4/java.util.stream.ForEachOps$ForEachOp.evaluateSequential(ForEachOps.java:151)
	at java.base@21.0.4/java.util.stream.ForEachOps$ForEachOp$OfRef.evaluateSequential(ForEachOps.java:174)
	at java.base@21.0.4/java.util.stream.AbstractPipeline.evaluate(AbstractPipeline.java:234)
	at java.base@21.0.4/java.util.stream.ReferencePipeline.forEach(ReferencePipeline.java:596)
	at app//org.junit.jupiter.engine.descriptor.TestTemplateTestDescriptor.execute(TestTemplateTestDescriptor.java:110)
	at app//org.junit.jupiter.engine.descriptor.TestTemplateTestDescriptor.execute(TestTemplateTestDescriptor.java:44)
	at app//org.junit.platform.engine.support.hierarchical.NodeTestTask.lambda$executeRecursively$6(NodeTestTask.java:151)
	at app//org.junit.platform.engine.support.hierarchical.ThrowableCollector.execute(ThrowableCollector.java:73)
	at app//org.junit.platform.engine.support.hierarchical.NodeTestTask.lambda$executeRecursively$8(NodeTestTask.java:141)
	at app//org.junit.platform.engine.support.hierarchical.Node.around(Node.java:137)
	at app//org.junit.platform.engine.support.hierarchical.NodeTestTask.lambda$executeRecursively$9(NodeTestTask.java:139)
	at app//org.junit.platform.engine.support.hierarchical.ThrowableCollector.execute(ThrowableCollector.java:73)
	at app//org.junit.platform.engine.support.hierarchical.NodeTestTask.executeRecursively(NodeTestTask.java:138)
	at app//org.junit.platform.engine.support.hierarchical.NodeTestTask.execute(NodeTestTask.java:95)
	at java.base@21.0.4/java.util.ArrayList.forEach(ArrayList.java:1596)
	at app//org.junit.platform.engine.support.hierarchical.SameThreadHierarchicalTestExecutorService.invokeAll(SameThreadHierarchicalTestExecutorService.java:41)
	at app//org.junit.platform.engine.support.hierarchical.NodeTestTask.lambda$executeRecursively$6(NodeTestTask.java:155)
	at app//org.junit.platform.engine.support.hierarchical.ThrowableCollector.execute(ThrowableCollector.java:73)
	at app//org.junit.platform.engine.support.hierarchical.NodeTestTask.lambda$executeRecursively$8(NodeTestTask.java:141)
	at app//org.junit.platform.engine.support.hierarchical.Node.around(Node.java:137)
	at app//org.junit.platform.engine.support.hierarchical.NodeTestTask.lambda$executeRecursively$9(NodeTestTask.java:139)
	at app//org.junit.platform.engine.support.hierarchical.ThrowableCollector.execute(ThrowableCollector.java:73)
	at app//org.junit.platform.engine.support.hierarchical.NodeTestTask.executeRecursively(NodeTestTask.java:138)
	at app//org.junit.platform.engine.support.hierarchical.NodeTestTask.execute(NodeTestTask.java:95)
	at java.base@21.0.4/java.util.ArrayList.forEach(ArrayList.java:1596)
	at app//org.junit.platform.engine.support.hierarchical.SameThreadHierarchicalTestExecutorService.invokeAll(SameThreadHierarchicalTestExecutorService.java:41)
	at app//org.junit.platform.engine.support.hierarchical.NodeTestTask.lambda$executeRecursively$6(NodeTestTask.java:155)
	at app//org.junit.platform.engine.support.hierarchical.ThrowableCollector.execute(ThrowableCollector.java:73)
	at app//org.junit.platform.engine.support.hierarchical.NodeTestTask.lambda$executeRecursively$8(NodeTestTask.java:141)
	at app//org.junit.platform.engine.support.hierarchical.Node.around(Node.java:137)
	at app//org.junit.platform.engine.support.hierarchical.NodeTestTask.lambda$executeRecursively$9(NodeTestTask.java:139)
	at app//org.junit.platform.engine.support.hierarchical.ThrowableCollector.execute(ThrowableCollector.java:73)
	at app//org.junit.platform.engine.support.hierarchical.NodeTestTask.executeRecursively(NodeTestTask.java:138)
	at app//org.junit.platform.engine.support.hierarchical.NodeTestTask.execute(NodeTestTask.java:95)
	at app//org.junit.platform.engine.support.hierarchical.SameThreadHierarchicalTestExecutorService.submit(SameThreadHierarchicalTestExecutorService.java:35)
	at app//org.junit.platform.engine.support.hierarchical.HierarchicalTestExecutor.execute(HierarchicalTestExecutor.java:57)
	at app//org.junit.platform.engine.support.hierarchical.HierarchicalTestEngine.execute(HierarchicalTestEngine.java:54)
	at app//org.junit.platform.launcher.core.EngineExecutionOrchestrator.execute(EngineExecutionOrchestrator.java:107)
	at app//org.junit.platform.launcher.core.EngineExecutionOrchestrator.execute(EngineExecutionOrchestrator.java:88)
	at app//org.junit.platform.launcher.core.EngineExecutionOrchestrator.lambda$execute$0(EngineExecutionOrchestrator.java:54)
	at app//org.junit.platform.launcher.core.EngineExecutionOrchestrator.withInterceptedStreams(EngineExecutionOrchestrator.java:67)
	at app//org.junit.platform.launcher.core.EngineExecutionOrchestrator.execute(EngineExecutionOrchestrator.java:52)
	at app//org.junit.platform.launcher.core.DefaultLauncher.execute(DefaultLauncher.java:114)
	at app//org.junit.platform.launcher.core.DefaultLauncher.execute(DefaultLauncher.java:86)
	at app//org.junit.platform.launcher.core.DefaultLauncherSession$DelegatingLauncher.execute(DefaultLauncherSession.java:86)
	at org.gradle.api.internal.tasks.testing.junitplatform.JUnitPlatformTestClassProcessor$CollectAllTestClassesExecutor.processAllTestClasses(JUnitPlatformTestClassProcessor.java:124)
	at org.gradle.api.internal.tasks.testing.junitplatform.JUnitPlatformTestClassProcessor$CollectAllTestClassesExecutor.access$000(JUnitPlatformTestClassProcessor.java:99)
	at org.gradle.api.internal.tasks.testing.junitplatform.JUnitPlatformTestClassProcessor.stop(JUnitPlatformTestClassProcessor.java:94)
	at org.gradle.api.internal.tasks.testing.SuiteTestClassProcessor.stop(SuiteTestClassProcessor.java:63)
	at java.base@21.0.4/jdk.internal.reflect.DirectMethodHandleAccessor.invoke(DirectMethodHandleAccessor.java:103)
	at java.base@21.0.4/java.lang.reflect.Method.invoke(Method.java:580)
	at org.gradle.internal.dispatch.ReflectionDispatch.dispatch(ReflectionDispatch.java:36)
	at org.gradle.internal.dispatch.ReflectionDispatch.dispatch(ReflectionDispatch.java:24)
	at org.gradle.internal.dispatch.ContextClassLoaderDispatch.dispatch(ContextClassLoaderDispatch.java:33)
	at org.gradle.internal.dispatch.ProxyDispatchAdapter$DispatchingInvocationHandler.invoke(ProxyDispatchAdapter.java:92)
	at jdk.proxy1/jdk.proxy1.$Proxy4.stop(Unknown Source)
	at org.gradle.api.internal.tasks.testing.worker.TestWorker$3.run(TestWorker.java:200)
	at org.gradle.api.internal.tasks.testing.worker.TestWorker.executeAndMaintainThreadName(TestWorker.java:132)
	at org.gradle.api.internal.tasks.testing.worker.TestWorker.execute(TestWorker.java:103)
	at org.gradle.api.internal.tasks.testing.worker.TestWorker.execute(TestWorker.java:63)
	at org.gradle.process.internal.worker.child.ActionExecutionWorker.execute(ActionExecutionWorker.java:56)
	at org.gradle.process.internal.worker.child.SystemApplicationClassLoaderWorker.call(SystemApplicationClassLoaderWorker.java:121)
	at org.gradle.process.internal.worker.child.SystemApplicationClassLoaderWorker.call(SystemApplicationClassLoaderWorker.java:71)
	at app//worker.org.gradle.process.internal.worker.GradleWorkerMain.run(GradleWorkerMain.java:69)
	at app//worker.org.gradle.process.internal.worker.GradleWorkerMain.main(GradleWorkerMain.java:74)
</failure>
  </testcase>
  <testcase name="[5] TestCase(expectedClassFile=OptionalDealParam_PKContext)" classname="ru.vood.processor.datamodel.generator.ContextDataClassesGeneratorTest" time="0.002">
    <failure message="org.opentest4j.AssertionFailedError: expected: &lt;package ru.vood.dmgen.datamodel.sealedData&#10;&#10;import javax.`annotation`.processing.Generated&#10;import kotlinx.serialization.KSerializer&#10;import kotlinx.serialization.Serializable&#10;import ru.vood.dmgen.`annotation`.ModelEntityContext&#10;import ru.vood.dmgen.datamodel.sealedData.intf.IContextOf&#10;import ru.vood.dmgen.datamodel.sealedData.metaEnum.EntityEnum&#10;import ru.vood.dmgen.datamodel.sealedData.metaEnum.UniqueKeyEnum&#10;import ru.vood.dmgen.datamodel.valueClasses.DealId&#10;&#10;/**&#10; * Параметр сделки, отношение к сделке один к одному, опциональный&#10; */&#10;@Generated(value = [&quot;ru.vood.processor.datamodel.generator.ContextDataClassesGenerator&quot;])&#10;@Serializable&#10;@ModelEntityContext&#10;public data class OptionalDealParam_PKContext(&#10;  /**&#10;   * Идентификатор сделки&#10;   */&#10;  public val dealId: DealId,&#10;) : IContextOf&lt;OptionalDealParamEntity&gt; {&#10;  /**&#10;   * Мета информация по уникальному ключу&#10;   */&#10;  public override val ukName: UniqueKeyEnum&#10;    get() = UniqueKeyEnum.OptionalDealParam_PK&#10;&#10;  /**&#10;   * Мета информация по сущности&#10;   */&#10;  public override val designEntityName: EntityEnum&#10;    get() = EntityEnum.OptionalDealParam&#10;&#10;  /**&#10;   * Сериализатор оригинальной сущности&#10;   */&#10;  public override val ktEntitySerializer: KSerializer&lt;OptionalDealParamEntity&gt;&#10;    get() = OptionalDealParamEntity.serializer()&#10;&#10;  /**&#10;   * Сериализатор детальной(аггрегированной) сущности&#10;   */&#10;  public override val ktSyntheticEntitySerializer: KSerializer&lt;OptionalDealParamDetail&gt;&#10;    get() = OptionalDealParamDetail.serializer()&#10;}&#10;&gt; but was: &lt;package ru.vood.dmgen.datamodel.sealedData&#10;&#10;import javax.`annotation`.processing.Generated&#10;import kotlinx.serialization.KSerializer&#10;import kotlinx.serialization.Serializable&#10;import ru.vood.dmgen.`annotation`.ModelEntityContext&#10;import ru.vood.dmgen.datamodel.valueClasses.DealId&#10;import ru.vood.processor.datamodel.packageForDataModelConfigProcessorProviderTest.create.intf.IContextOf&#10;import ru.vood.processor.datamodel.packageForDataModelConfigProcessorProviderTest.create.metaEnum.EntityEnum&#10;import ru.vood.processor.datamodel.packageForDataModelConfigProcessorProviderTest.create.metaEnum.UniqueKeyEnum&#10;&#10;/**&#10; * Параметр сделки, отношение к сделке один к одному, опциональный&#10; */&#10;@Generated(value = [&quot;ru.vood.processor.datamodel.generator.ContextDataClassesGenerator&quot;])&#10;@Serializable&#10;@ModelEntityContext&#10;public data class OptionalDealParam_PKContext(&#10;  /**&#10;   * Идентификатор сделки&#10;   */&#10;  public val dealId: DealId,&#10;) : IContextOf&lt;OptionalDealParamEntity&gt; {&#10;  /**&#10;   * Мета информация по уникальному ключу&#10;   */&#10;  public override val ukName: UniqueKeyEnum&#10;    get() = UniqueKeyEnum.OptionalDealParam_PK&#10;&#10;  /**&#10;   * Мета информация по сущности&#10;   */&#10;  public override val designEntityName: EntityEnum&#10;    get() = EntityEnum.OptionalDealParam&#10;&#10;  /**&#10;   * Сериализатор оригинальной сущности&#10;   */&#10;  public override val ktEntitySerializer: KSerializer&lt;OptionalDealParamEntity&gt;&#10;    get() = OptionalDealParamEntity.serializer()&#10;&#10;  /**&#10;   * Сериализатор детальной(аггрегированной) сущности&#10;   */&#10;  public override val ktSyntheticEntitySerializer: KSerializer&lt;OptionalDealParamDetail&gt;&#10;    get() = OptionalDealParamDetail.serializer()&#10;}&#10;&gt;" type="org.opentest4j.AssertionFailedError">org.opentest4j.AssertionFailedError: expected: &lt;package ru.vood.dmgen.datamodel.sealedData

import javax.`annotation`.processing.Generated
import kotlinx.serialization.KSerializer
import kotlinx.serialization.Serializable
import ru.vood.dmgen.`annotation`.ModelEntityContext
import ru.vood.dmgen.datamodel.sealedData.intf.IContextOf
import ru.vood.dmgen.datamodel.sealedData.metaEnum.EntityEnum
import ru.vood.dmgen.datamodel.sealedData.metaEnum.UniqueKeyEnum
import ru.vood.dmgen.datamodel.valueClasses.DealId

/**
 * Параметр сделки, отношение к сделке один к одному, опциональный
 */
@Generated(value = [&quot;ru.vood.processor.datamodel.generator.ContextDataClassesGenerator&quot;])
@Serializable
@ModelEntityContext
public data class OptionalDealParam_PKContext(
  /**
   * Идентификатор сделки
   */
  public val dealId: DealId,
) : IContextOf&lt;OptionalDealParamEntity&gt; {
  /**
   * Мета информация по уникальному ключу
   */
  public override val ukName: UniqueKeyEnum
    get() = UniqueKeyEnum.OptionalDealParam_PK

  /**
   * Мета информация по сущности
   */
  public override val designEntityName: EntityEnum
    get() = EntityEnum.OptionalDealParam

  /**
   * Сериализатор оригинальной сущности
   */
  public override val ktEntitySerializer: KSerializer&lt;OptionalDealParamEntity&gt;
    get() = OptionalDealParamEntity.serializer()

  /**
   * Сериализатор детальной(аггрегированной) сущности
   */
  public override val ktSyntheticEntitySerializer: KSerializer&lt;OptionalDealParamDetail&gt;
    get() = OptionalDealParamDetail.serializer()
}
&gt; but was: &lt;package ru.vood.dmgen.datamodel.sealedData

import javax.`annotation`.processing.Generated
import kotlinx.serialization.KSerializer
import kotlinx.serialization.Serializable
import ru.vood.dmgen.`annotation`.ModelEntityContext
import ru.vood.dmgen.datamodel.valueClasses.DealId
import ru.vood.processor.datamodel.packageForDataModelConfigProcessorProviderTest.create.intf.IContextOf
import ru.vood.processor.datamodel.packageForDataModelConfigProcessorProviderTest.create.metaEnum.EntityEnum
import ru.vood.processor.datamodel.packageForDataModelConfigProcessorProviderTest.create.metaEnum.UniqueKeyEnum

/**
 * Параметр сделки, отношение к сделке один к одному, опциональный
 */
@Generated(value = [&quot;ru.vood.processor.datamodel.generator.ContextDataClassesGenerator&quot;])
@Serializable
@ModelEntityContext
public data class OptionalDealParam_PKContext(
  /**
   * Идентификатор сделки
   */
  public val dealId: DealId,
) : IContextOf&lt;OptionalDealParamEntity&gt; {
  /**
   * Мета информация по уникальному ключу
   */
  public override val ukName: UniqueKeyEnum
    get() = UniqueKeyEnum.OptionalDealParam_PK

  /**
   * Мета информация по сущности
   */
  public override val designEntityName: EntityEnum
    get() = EntityEnum.OptionalDealParam

  /**
   * Сериализатор оригинальной сущности
   */
  public override val ktEntitySerializer: KSerializer&lt;OptionalDealParamEntity&gt;
    get() = OptionalDealParamEntity.serializer()

  /**
   * Сериализатор детальной(аггрегированной) сущности
   */
  public override val ktSyntheticEntitySerializer: KSerializer&lt;OptionalDealParamDetail&gt;
    get() = OptionalDealParamDetail.serializer()
}
&gt;
	at app//org.junit.jupiter.api.AssertionFailureBuilder.build(AssertionFailureBuilder.java:151)
	at app//org.junit.jupiter.api.AssertionFailureBuilder.buildAndThrow(AssertionFailureBuilder.java:132)
	at app//org.junit.jupiter.api.AssertEquals.failNotEqual(AssertEquals.java:197)
	at app//org.junit.jupiter.api.AssertEquals.assertEquals(AssertEquals.java:182)
	at app//org.junit.jupiter.api.AssertEquals.assertEquals(AssertEquals.java:177)
	at app//org.junit.jupiter.api.Assertions.assertEquals(Assertions.java:1142)
	at app//ru.vood.processor.datamodel.abstraction.AbstractGeneratorTest.compareTextFile(AbstractGeneratorTest.kt:40)
	at app//ru.vood.processor.datamodel.generator.ContextDataClassesGeneratorTest.textFileTest(ContextDataClassesGeneratorTest.kt:36)
	at java.base@21.0.4/jdk.internal.reflect.DirectMethodHandleAccessor.invoke(DirectMethodHandleAccessor.java:103)
	at java.base@21.0.4/java.lang.reflect.Method.invoke(Method.java:580)
	at app//org.junit.platform.commons.util.ReflectionUtils.invokeMethod(ReflectionUtils.java:727)
	at app//org.junit.jupiter.engine.execution.MethodInvocation.proceed(MethodInvocation.java:60)
	at app//org.junit.jupiter.engine.execution.InvocationInterceptorChain$ValidatingInvocation.proceed(InvocationInterceptorChain.java:131)
	at app//org.junit.jupiter.engine.extension.TimeoutExtension.intercept(TimeoutExtension.java:156)
	at app//org.junit.jupiter.engine.extension.TimeoutExtension.interceptTestableMethod(TimeoutExtension.java:147)
	at app//org.junit.jupiter.engine.extension.TimeoutExtension.interceptTestTemplateMethod(TimeoutExtension.java:94)
	at app//org.junit.jupiter.engine.execution.InterceptingExecutableInvoker$ReflectiveInterceptorCall.lambda$ofVoidMethod$0(InterceptingExecutableInvoker.java:103)
	at app//org.junit.jupiter.engine.execution.InterceptingExecutableInvoker.lambda$invoke$0(InterceptingExecutableInvoker.java:93)
	at app//org.junit.jupiter.engine.execution.InvocationInterceptorChain$InterceptedInvocation.proceed(InvocationInterceptorChain.java:106)
	at app//org.junit.jupiter.engine.execution.InvocationInterceptorChain.proceed(InvocationInterceptorChain.java:64)
	at app//org.junit.jupiter.engine.execution.InvocationInterceptorChain.chainAndInvoke(InvocationInterceptorChain.java:45)
	at app//org.junit.jupiter.engine.execution.InvocationInterceptorChain.invoke(InvocationInterceptorChain.java:37)
	at app//org.junit.jupiter.engine.execution.InterceptingExecutableInvoker.invoke(InterceptingExecutableInvoker.java:92)
	at app//org.junit.jupiter.engine.execution.InterceptingExecutableInvoker.invoke(InterceptingExecutableInvoker.java:86)
	at app//org.junit.jupiter.engine.descriptor.TestMethodTestDescriptor.lambda$invokeTestMethod$7(TestMethodTestDescriptor.java:217)
	at app//org.junit.platform.engine.support.hierarchical.ThrowableCollector.execute(ThrowableCollector.java:73)
	at app//org.junit.jupiter.engine.descriptor.TestMethodTestDescriptor.invokeTestMethod(TestMethodTestDescriptor.java:213)
	at app//org.junit.jupiter.engine.descriptor.TestMethodTestDescriptor.execute(TestMethodTestDescriptor.java:138)
	at app//org.junit.jupiter.engine.descriptor.TestMethodTestDescriptor.execute(TestMethodTestDescriptor.java:68)
	at app//org.junit.platform.engine.support.hierarchical.NodeTestTask.lambda$executeRecursively$6(NodeTestTask.java:151)
	at app//org.junit.platform.engine.support.hierarchical.ThrowableCollector.execute(ThrowableCollector.java:73)
	at app//org.junit.platform.engine.support.hierarchical.NodeTestTask.lambda$executeRecursively$8(NodeTestTask.java:141)
	at app//org.junit.platform.engine.support.hierarchical.Node.around(Node.java:137)
	at app//org.junit.platform.engine.support.hierarchical.NodeTestTask.lambda$executeRecursively$9(NodeTestTask.java:139)
	at app//org.junit.platform.engine.support.hierarchical.ThrowableCollector.execute(ThrowableCollector.java:73)
	at app//org.junit.platform.engine.support.hierarchical.NodeTestTask.executeRecursively(NodeTestTask.java:138)
	at app//org.junit.platform.engine.support.hierarchical.NodeTestTask.execute(NodeTestTask.java:95)
	at app//org.junit.platform.engine.support.hierarchical.SameThreadHierarchicalTestExecutorService.submit(SameThreadHierarchicalTestExecutorService.java:35)
	at app//org.junit.platform.engine.support.hierarchical.NodeTestTask$DefaultDynamicTestExecutor.execute(NodeTestTask.java:226)
	at app//org.junit.platform.engine.support.hierarchical.NodeTestTask$DefaultDynamicTestExecutor.execute(NodeTestTask.java:204)
	at app//org.junit.jupiter.engine.descriptor.TestTemplateTestDescriptor.execute(TestTemplateTestDescriptor.java:142)
	at app//org.junit.jupiter.engine.descriptor.TestTemplateTestDescriptor.lambda$execute$2(TestTemplateTestDescriptor.java:110)
	at java.base@21.0.4/java.util.stream.ForEachOps$ForEachOp$OfRef.accept(ForEachOps.java:184)
	at java.base@21.0.4/java.util.stream.ReferencePipeline$3$1.accept(ReferencePipeline.java:197)
	at java.base@21.0.4/java.util.stream.ReferencePipeline$2$1.accept(ReferencePipeline.java:179)
	at java.base@21.0.4/java.util.stream.ReferencePipeline$3$1.accept(ReferencePipeline.java:197)
	at java.base@21.0.4/java.util.stream.ForEachOps$ForEachOp$OfRef.accept(ForEachOps.java:184)
	at java.base@21.0.4/java.util.stream.ReferencePipeline$3$1.accept(ReferencePipeline.java:197)
	at java.base@21.0.4/java.util.stream.ReferencePipeline$3$1.accept(ReferencePipeline.java:197)
	at java.base@21.0.4/java.util.stream.ReferencePipeline$3$1.accept(ReferencePipeline.java:197)
	at java.base@21.0.4/java.util.stream.ForEachOps$ForEachOp$OfRef.accept(ForEachOps.java:184)
	at java.base@21.0.4/java.util.stream.ReferencePipeline$3$1.accept(ReferencePipeline.java:197)
	at java.base@21.0.4/java.util.ArrayList$ArrayListSpliterator.forEachRemaining(ArrayList.java:1708)
	at java.base@21.0.4/java.util.stream.ReferencePipeline$Head.forEach(ReferencePipeline.java:762)
	at java.base@21.0.4/java.util.stream.ReferencePipeline$7$1.accept(ReferencePipeline.java:276)
	at java.base@21.0.4/java.util.stream.ReferencePipeline$3$1.accept(ReferencePipeline.java:197)
	at java.base@21.0.4/java.util.stream.ReferencePipeline$3$1.accept(ReferencePipeline.java:197)
	at java.base@21.0.4/java.util.Spliterators$ArraySpliterator.forEachRemaining(Spliterators.java:1024)
	at java.base@21.0.4/java.util.stream.AbstractPipeline.copyInto(AbstractPipeline.java:509)
	at java.base@21.0.4/java.util.stream.AbstractPipeline.wrapAndCopyInto(AbstractPipeline.java:499)
	at java.base@21.0.4/java.util.stream.ForEachOps$ForEachOp.evaluateSequential(ForEachOps.java:151)
	at java.base@21.0.4/java.util.stream.ForEachOps$ForEachOp$OfRef.evaluateSequential(ForEachOps.java:174)
	at java.base@21.0.4/java.util.stream.AbstractPipeline.evaluate(AbstractPipeline.java:234)
	at java.base@21.0.4/java.util.stream.ReferencePipeline.forEach(ReferencePipeline.java:596)
	at java.base@21.0.4/java.util.stream.ReferencePipeline$7$1.accept(ReferencePipeline.java:276)
	at java.base@21.0.4/java.util.stream.ReferencePipeline$3$1.accept(ReferencePipeline.java:197)
	at java.base@21.0.4/java.util.stream.ReferencePipeline$3$1.accept(ReferencePipeline.java:197)
	at java.base@21.0.4/java.util.stream.ReferencePipeline$3$1.accept(ReferencePipeline.java:197)
	at java.base@21.0.4/java.util.ArrayList$ArrayListSpliterator.forEachRemaining(ArrayList.java:1708)
	at java.base@21.0.4/java.util.stream.AbstractPipeline.copyInto(AbstractPipeline.java:509)
	at java.base@21.0.4/java.util.stream.AbstractPipeline.wrapAndCopyInto(AbstractPipeline.java:499)
	at java.base@21.0.4/java.util.stream.ForEachOps$ForEachOp.evaluateSequential(ForEachOps.java:151)
	at java.base@21.0.4/java.util.stream.ForEachOps$ForEachOp$OfRef.evaluateSequential(ForEachOps.java:174)
	at java.base@21.0.4/java.util.stream.AbstractPipeline.evaluate(AbstractPipeline.java:234)
	at java.base@21.0.4/java.util.stream.ReferencePipeline.forEach(ReferencePipeline.java:596)
	at java.base@21.0.4/java.util.stream.ReferencePipeline$7$1.accept(ReferencePipeline.java:276)
	at java.base@21.0.4/java.util.ArrayList$ArrayListSpliterator.forEachRemaining(ArrayList.java:1708)
	at java.base@21.0.4/java.util.stream.AbstractPipeline.copyInto(AbstractPipeline.java:509)
	at java.base@21.0.4/java.util.stream.AbstractPipeline.wrapAndCopyInto(AbstractPipeline.java:499)
	at java.base@21.0.4/java.util.stream.ForEachOps$ForEachOp.evaluateSequential(ForEachOps.java:151)
	at java.base@21.0.4/java.util.stream.ForEachOps$ForEachOp$OfRef.evaluateSequential(ForEachOps.java:174)
	at java.base@21.0.4/java.util.stream.AbstractPipeline.evaluate(AbstractPipeline.java:234)
	at java.base@21.0.4/java.util.stream.ReferencePipeline.forEach(ReferencePipeline.java:596)
	at app//org.junit.jupiter.engine.descriptor.TestTemplateTestDescriptor.execute(TestTemplateTestDescriptor.java:110)
	at app//org.junit.jupiter.engine.descriptor.TestTemplateTestDescriptor.execute(TestTemplateTestDescriptor.java:44)
	at app//org.junit.platform.engine.support.hierarchical.NodeTestTask.lambda$executeRecursively$6(NodeTestTask.java:151)
	at app//org.junit.platform.engine.support.hierarchical.ThrowableCollector.execute(ThrowableCollector.java:73)
	at app//org.junit.platform.engine.support.hierarchical.NodeTestTask.lambda$executeRecursively$8(NodeTestTask.java:141)
	at app//org.junit.platform.engine.support.hierarchical.Node.around(Node.java:137)
	at app//org.junit.platform.engine.support.hierarchical.NodeTestTask.lambda$executeRecursively$9(NodeTestTask.java:139)
	at app//org.junit.platform.engine.support.hierarchical.ThrowableCollector.execute(ThrowableCollector.java:73)
	at app//org.junit.platform.engine.support.hierarchical.NodeTestTask.executeRecursively(NodeTestTask.java:138)
	at app//org.junit.platform.engine.support.hierarchical.NodeTestTask.execute(NodeTestTask.java:95)
	at java.base@21.0.4/java.util.ArrayList.forEach(ArrayList.java:1596)
	at app//org.junit.platform.engine.support.hierarchical.SameThreadHierarchicalTestExecutorService.invokeAll(SameThreadHierarchicalTestExecutorService.java:41)
	at app//org.junit.platform.engine.support.hierarchical.NodeTestTask.lambda$executeRecursively$6(NodeTestTask.java:155)
	at app//org.junit.platform.engine.support.hierarchical.ThrowableCollector.execute(ThrowableCollector.java:73)
	at app//org.junit.platform.engine.support.hierarchical.NodeTestTask.lambda$executeRecursively$8(NodeTestTask.java:141)
	at app//org.junit.platform.engine.support.hierarchical.Node.around(Node.java:137)
	at app//org.junit.platform.engine.support.hierarchical.NodeTestTask.lambda$executeRecursively$9(NodeTestTask.java:139)
	at app//org.junit.platform.engine.support.hierarchical.ThrowableCollector.execute(ThrowableCollector.java:73)
	at app//org.junit.platform.engine.support.hierarchical.NodeTestTask.executeRecursively(NodeTestTask.java:138)
	at app//org.junit.platform.engine.support.hierarchical.NodeTestTask.execute(NodeTestTask.java:95)
	at java.base@21.0.4/java.util.ArrayList.forEach(ArrayList.java:1596)
	at app//org.junit.platform.engine.support.hierarchical.SameThreadHierarchicalTestExecutorService.invokeAll(SameThreadHierarchicalTestExecutorService.java:41)
	at app//org.junit.platform.engine.support.hierarchical.NodeTestTask.lambda$executeRecursively$6(NodeTestTask.java:155)
	at app//org.junit.platform.engine.support.hierarchical.ThrowableCollector.execute(ThrowableCollector.java:73)
	at app//org.junit.platform.engine.support.hierarchical.NodeTestTask.lambda$executeRecursively$8(NodeTestTask.java:141)
	at app//org.junit.platform.engine.support.hierarchical.Node.around(Node.java:137)
	at app//org.junit.platform.engine.support.hierarchical.NodeTestTask.lambda$executeRecursively$9(NodeTestTask.java:139)
	at app//org.junit.platform.engine.support.hierarchical.ThrowableCollector.execute(ThrowableCollector.java:73)
	at app//org.junit.platform.engine.support.hierarchical.NodeTestTask.executeRecursively(NodeTestTask.java:138)
	at app//org.junit.platform.engine.support.hierarchical.NodeTestTask.execute(NodeTestTask.java:95)
	at app//org.junit.platform.engine.support.hierarchical.SameThreadHierarchicalTestExecutorService.submit(SameThreadHierarchicalTestExecutorService.java:35)
	at app//org.junit.platform.engine.support.hierarchical.HierarchicalTestExecutor.execute(HierarchicalTestExecutor.java:57)
	at app//org.junit.platform.engine.support.hierarchical.HierarchicalTestEngine.execute(HierarchicalTestEngine.java:54)
	at app//org.junit.platform.launcher.core.EngineExecutionOrchestrator.execute(EngineExecutionOrchestrator.java:107)
	at app//org.junit.platform.launcher.core.EngineExecutionOrchestrator.execute(EngineExecutionOrchestrator.java:88)
	at app//org.junit.platform.launcher.core.EngineExecutionOrchestrator.lambda$execute$0(EngineExecutionOrchestrator.java:54)
	at app//org.junit.platform.launcher.core.EngineExecutionOrchestrator.withInterceptedStreams(EngineExecutionOrchestrator.java:67)
	at app//org.junit.platform.launcher.core.EngineExecutionOrchestrator.execute(EngineExecutionOrchestrator.java:52)
	at app//org.junit.platform.launcher.core.DefaultLauncher.execute(DefaultLauncher.java:114)
	at app//org.junit.platform.launcher.core.DefaultLauncher.execute(DefaultLauncher.java:86)
	at app//org.junit.platform.launcher.core.DefaultLauncherSession$DelegatingLauncher.execute(DefaultLauncherSession.java:86)
	at org.gradle.api.internal.tasks.testing.junitplatform.JUnitPlatformTestClassProcessor$CollectAllTestClassesExecutor.processAllTestClasses(JUnitPlatformTestClassProcessor.java:124)
	at org.gradle.api.internal.tasks.testing.junitplatform.JUnitPlatformTestClassProcessor$CollectAllTestClassesExecutor.access$000(JUnitPlatformTestClassProcessor.java:99)
	at org.gradle.api.internal.tasks.testing.junitplatform.JUnitPlatformTestClassProcessor.stop(JUnitPlatformTestClassProcessor.java:94)
	at org.gradle.api.internal.tasks.testing.SuiteTestClassProcessor.stop(SuiteTestClassProcessor.java:63)
	at java.base@21.0.4/jdk.internal.reflect.DirectMethodHandleAccessor.invoke(DirectMethodHandleAccessor.java:103)
	at java.base@21.0.4/java.lang.reflect.Method.invoke(Method.java:580)
	at org.gradle.internal.dispatch.ReflectionDispatch.dispatch(ReflectionDispatch.java:36)
	at org.gradle.internal.dispatch.ReflectionDispatch.dispatch(ReflectionDispatch.java:24)
	at org.gradle.internal.dispatch.ContextClassLoaderDispatch.dispatch(ContextClassLoaderDispatch.java:33)
	at org.gradle.internal.dispatch.ProxyDispatchAdapter$DispatchingInvocationHandler.invoke(ProxyDispatchAdapter.java:92)
	at jdk.proxy1/jdk.proxy1.$Proxy4.stop(Unknown Source)
	at org.gradle.api.internal.tasks.testing.worker.TestWorker$3.run(TestWorker.java:200)
	at org.gradle.api.internal.tasks.testing.worker.TestWorker.executeAndMaintainThreadName(TestWorker.java:132)
	at org.gradle.api.internal.tasks.testing.worker.TestWorker.execute(TestWorker.java:103)
	at org.gradle.api.internal.tasks.testing.worker.TestWorker.execute(TestWorker.java:63)
	at org.gradle.process.internal.worker.child.ActionExecutionWorker.execute(ActionExecutionWorker.java:56)
	at org.gradle.process.internal.worker.child.SystemApplicationClassLoaderWorker.call(SystemApplicationClassLoaderWorker.java:121)
	at org.gradle.process.internal.worker.child.SystemApplicationClassLoaderWorker.call(SystemApplicationClassLoaderWorker.java:71)
	at app//worker.org.gradle.process.internal.worker.GradleWorkerMain.run(GradleWorkerMain.java:69)
	at app//worker.org.gradle.process.internal.worker.GradleWorkerMain.main(GradleWorkerMain.java:74)
</failure>
  </testcase>
  <testcase name="[6] TestCase(expectedClassFile=OptionalDealParam_UKContext)" classname="ru.vood.processor.datamodel.generator.ContextDataClassesGeneratorTest" time="0.002">
    <failure message="org.opentest4j.AssertionFailedError: expected: &lt;package ru.vood.dmgen.datamodel.sealedData&#10;&#10;import javax.`annotation`.processing.Generated&#10;import kotlin.Int&#10;import kotlinx.serialization.KSerializer&#10;import kotlinx.serialization.Serializable&#10;import ru.vood.dmgen.`annotation`.ModelEntityContext&#10;import ru.vood.dmgen.datamodel.sealedData.intf.IContextOf&#10;import ru.vood.dmgen.datamodel.sealedData.metaEnum.EntityEnum&#10;import ru.vood.dmgen.datamodel.sealedData.metaEnum.UniqueKeyEnum&#10;&#10;/**&#10; * Параметр сделки, отношение к сделке один к одному, опциональный&#10; */&#10;@Generated(value = [&quot;ru.vood.processor.datamodel.generator.ContextDataClassesGenerator&quot;])&#10;@Serializable&#10;@ModelEntityContext&#10;public data class OptionalDealParam_UKContext(&#10;  /**&#10;   * Идентификатор параметра&#10;   */&#10;  public val paramId: Int,&#10;) : IContextOf&lt;OptionalDealParamEntity&gt; {&#10;  /**&#10;   * Мета информация по уникальному ключу&#10;   */&#10;  public override val ukName: UniqueKeyEnum&#10;    get() = UniqueKeyEnum.OptionalDealParam_UK&#10;&#10;  /**&#10;   * Мета информация по сущности&#10;   */&#10;  public override val designEntityName: EntityEnum&#10;    get() = EntityEnum.OptionalDealParam&#10;&#10;  /**&#10;   * Сериализатор оригинальной сущности&#10;   */&#10;  public override val ktEntitySerializer: KSerializer&lt;OptionalDealParamEntity&gt;&#10;    get() = OptionalDealParamEntity.serializer()&#10;&#10;  /**&#10;   * Сериализатор детальной(аггрегированной) сущности&#10;   */&#10;  public override val ktSyntheticEntitySerializer: KSerializer&lt;OptionalDealParamDetail&gt;&#10;    get() = OptionalDealParamDetail.serializer()&#10;}&#10;&gt; but was: &lt;package ru.vood.dmgen.datamodel.sealedData&#10;&#10;import javax.`annotation`.processing.Generated&#10;import kotlin.Int&#10;import kotlinx.serialization.KSerializer&#10;import kotlinx.serialization.Serializable&#10;import ru.vood.dmgen.`annotation`.ModelEntityContext&#10;import ru.vood.processor.datamodel.packageForDataModelConfigProcessorProviderTest.create.intf.IContextOf&#10;import ru.vood.processor.datamodel.packageForDataModelConfigProcessorProviderTest.create.metaEnum.EntityEnum&#10;import ru.vood.processor.datamodel.packageForDataModelConfigProcessorProviderTest.create.metaEnum.UniqueKeyEnum&#10;&#10;/**&#10; * Параметр сделки, отношение к сделке один к одному, опциональный&#10; */&#10;@Generated(value = [&quot;ru.vood.processor.datamodel.generator.ContextDataClassesGenerator&quot;])&#10;@Serializable&#10;@ModelEntityContext&#10;public data class OptionalDealParam_UKContext(&#10;  /**&#10;   * Идентификатор параметра&#10;   */&#10;  public val paramId: Int,&#10;) : IContextOf&lt;OptionalDealParamEntity&gt; {&#10;  /**&#10;   * Мета информация по уникальному ключу&#10;   */&#10;  public override val ukName: UniqueKeyEnum&#10;    get() = UniqueKeyEnum.OptionalDealParam_UK&#10;&#10;  /**&#10;   * Мета информация по сущности&#10;   */&#10;  public override val designEntityName: EntityEnum&#10;    get() = EntityEnum.OptionalDealParam&#10;&#10;  /**&#10;   * Сериализатор оригинальной сущности&#10;   */&#10;  public override val ktEntitySerializer: KSerializer&lt;OptionalDealParamEntity&gt;&#10;    get() = OptionalDealParamEntity.serializer()&#10;&#10;  /**&#10;   * Сериализатор детальной(аггрегированной) сущности&#10;   */&#10;  public override val ktSyntheticEntitySerializer: KSerializer&lt;OptionalDealParamDetail&gt;&#10;    get() = OptionalDealParamDetail.serializer()&#10;}&#10;&gt;" type="org.opentest4j.AssertionFailedError">org.opentest4j.AssertionFailedError: expected: &lt;package ru.vood.dmgen.datamodel.sealedData

import javax.`annotation`.processing.Generated
import kotlin.Int
import kotlinx.serialization.KSerializer
import kotlinx.serialization.Serializable
import ru.vood.dmgen.`annotation`.ModelEntityContext
import ru.vood.dmgen.datamodel.sealedData.intf.IContextOf
import ru.vood.dmgen.datamodel.sealedData.metaEnum.EntityEnum
import ru.vood.dmgen.datamodel.sealedData.metaEnum.UniqueKeyEnum

/**
 * Параметр сделки, отношение к сделке один к одному, опциональный
 */
@Generated(value = [&quot;ru.vood.processor.datamodel.generator.ContextDataClassesGenerator&quot;])
@Serializable
@ModelEntityContext
public data class OptionalDealParam_UKContext(
  /**
   * Идентификатор параметра
   */
  public val paramId: Int,
) : IContextOf&lt;OptionalDealParamEntity&gt; {
  /**
   * Мета информация по уникальному ключу
   */
  public override val ukName: UniqueKeyEnum
    get() = UniqueKeyEnum.OptionalDealParam_UK

  /**
   * Мета информация по сущности
   */
  public override val designEntityName: EntityEnum
    get() = EntityEnum.OptionalDealParam

  /**
   * Сериализатор оригинальной сущности
   */
  public override val ktEntitySerializer: KSerializer&lt;OptionalDealParamEntity&gt;
    get() = OptionalDealParamEntity.serializer()

  /**
   * Сериализатор детальной(аггрегированной) сущности
   */
  public override val ktSyntheticEntitySerializer: KSerializer&lt;OptionalDealParamDetail&gt;
    get() = OptionalDealParamDetail.serializer()
}
&gt; but was: &lt;package ru.vood.dmgen.datamodel.sealedData

import javax.`annotation`.processing.Generated
import kotlin.Int
import kotlinx.serialization.KSerializer
import kotlinx.serialization.Serializable
import ru.vood.dmgen.`annotation`.ModelEntityContext
import ru.vood.processor.datamodel.packageForDataModelConfigProcessorProviderTest.create.intf.IContextOf
import ru.vood.processor.datamodel.packageForDataModelConfigProcessorProviderTest.create.metaEnum.EntityEnum
import ru.vood.processor.datamodel.packageForDataModelConfigProcessorProviderTest.create.metaEnum.UniqueKeyEnum

/**
 * Параметр сделки, отношение к сделке один к одному, опциональный
 */
@Generated(value = [&quot;ru.vood.processor.datamodel.generator.ContextDataClassesGenerator&quot;])
@Serializable
@ModelEntityContext
public data class OptionalDealParam_UKContext(
  /**
   * Идентификатор параметра
   */
  public val paramId: Int,
) : IContextOf&lt;OptionalDealParamEntity&gt; {
  /**
   * Мета информация по уникальному ключу
   */
  public override val ukName: UniqueKeyEnum
    get() = UniqueKeyEnum.OptionalDealParam_UK

  /**
   * Мета информация по сущности
   */
  public override val designEntityName: EntityEnum
    get() = EntityEnum.OptionalDealParam

  /**
   * Сериализатор оригинальной сущности
   */
  public override val ktEntitySerializer: KSerializer&lt;OptionalDealParamEntity&gt;
    get() = OptionalDealParamEntity.serializer()

  /**
   * Сериализатор детальной(аггрегированной) сущности
   */
  public override val ktSyntheticEntitySerializer: KSerializer&lt;OptionalDealParamDetail&gt;
    get() = OptionalDealParamDetail.serializer()
}
&gt;
	at app//org.junit.jupiter.api.AssertionFailureBuilder.build(AssertionFailureBuilder.java:151)
	at app//org.junit.jupiter.api.AssertionFailureBuilder.buildAndThrow(AssertionFailureBuilder.java:132)
	at app//org.junit.jupiter.api.AssertEquals.failNotEqual(AssertEquals.java:197)
	at app//org.junit.jupiter.api.AssertEquals.assertEquals(AssertEquals.java:182)
	at app//org.junit.jupiter.api.AssertEquals.assertEquals(AssertEquals.java:177)
	at app//org.junit.jupiter.api.Assertions.assertEquals(Assertions.java:1142)
	at app//ru.vood.processor.datamodel.abstraction.AbstractGeneratorTest.compareTextFile(AbstractGeneratorTest.kt:40)
	at app//ru.vood.processor.datamodel.generator.ContextDataClassesGeneratorTest.textFileTest(ContextDataClassesGeneratorTest.kt:36)
	at java.base@21.0.4/jdk.internal.reflect.DirectMethodHandleAccessor.invoke(DirectMethodHandleAccessor.java:103)
	at java.base@21.0.4/java.lang.reflect.Method.invoke(Method.java:580)
	at app//org.junit.platform.commons.util.ReflectionUtils.invokeMethod(ReflectionUtils.java:727)
	at app//org.junit.jupiter.engine.execution.MethodInvocation.proceed(MethodInvocation.java:60)
	at app//org.junit.jupiter.engine.execution.InvocationInterceptorChain$ValidatingInvocation.proceed(InvocationInterceptorChain.java:131)
	at app//org.junit.jupiter.engine.extension.TimeoutExtension.intercept(TimeoutExtension.java:156)
	at app//org.junit.jupiter.engine.extension.TimeoutExtension.interceptTestableMethod(TimeoutExtension.java:147)
	at app//org.junit.jupiter.engine.extension.TimeoutExtension.interceptTestTemplateMethod(TimeoutExtension.java:94)
	at app//org.junit.jupiter.engine.execution.InterceptingExecutableInvoker$ReflectiveInterceptorCall.lambda$ofVoidMethod$0(InterceptingExecutableInvoker.java:103)
	at app//org.junit.jupiter.engine.execution.InterceptingExecutableInvoker.lambda$invoke$0(InterceptingExecutableInvoker.java:93)
	at app//org.junit.jupiter.engine.execution.InvocationInterceptorChain$InterceptedInvocation.proceed(InvocationInterceptorChain.java:106)
	at app//org.junit.jupiter.engine.execution.InvocationInterceptorChain.proceed(InvocationInterceptorChain.java:64)
	at app//org.junit.jupiter.engine.execution.InvocationInterceptorChain.chainAndInvoke(InvocationInterceptorChain.java:45)
	at app//org.junit.jupiter.engine.execution.InvocationInterceptorChain.invoke(InvocationInterceptorChain.java:37)
	at app//org.junit.jupiter.engine.execution.InterceptingExecutableInvoker.invoke(InterceptingExecutableInvoker.java:92)
	at app//org.junit.jupiter.engine.execution.InterceptingExecutableInvoker.invoke(InterceptingExecutableInvoker.java:86)
	at app//org.junit.jupiter.engine.descriptor.TestMethodTestDescriptor.lambda$invokeTestMethod$7(TestMethodTestDescriptor.java:217)
	at app//org.junit.platform.engine.support.hierarchical.ThrowableCollector.execute(ThrowableCollector.java:73)
	at app//org.junit.jupiter.engine.descriptor.TestMethodTestDescriptor.invokeTestMethod(TestMethodTestDescriptor.java:213)
	at app//org.junit.jupiter.engine.descriptor.TestMethodTestDescriptor.execute(TestMethodTestDescriptor.java:138)
	at app//org.junit.jupiter.engine.descriptor.TestMethodTestDescriptor.execute(TestMethodTestDescriptor.java:68)
	at app//org.junit.platform.engine.support.hierarchical.NodeTestTask.lambda$executeRecursively$6(NodeTestTask.java:151)
	at app//org.junit.platform.engine.support.hierarchical.ThrowableCollector.execute(ThrowableCollector.java:73)
	at app//org.junit.platform.engine.support.hierarchical.NodeTestTask.lambda$executeRecursively$8(NodeTestTask.java:141)
	at app//org.junit.platform.engine.support.hierarchical.Node.around(Node.java:137)
	at app//org.junit.platform.engine.support.hierarchical.NodeTestTask.lambda$executeRecursively$9(NodeTestTask.java:139)
	at app//org.junit.platform.engine.support.hierarchical.ThrowableCollector.execute(ThrowableCollector.java:73)
	at app//org.junit.platform.engine.support.hierarchical.NodeTestTask.executeRecursively(NodeTestTask.java:138)
	at app//org.junit.platform.engine.support.hierarchical.NodeTestTask.execute(NodeTestTask.java:95)
	at app//org.junit.platform.engine.support.hierarchical.SameThreadHierarchicalTestExecutorService.submit(SameThreadHierarchicalTestExecutorService.java:35)
	at app//org.junit.platform.engine.support.hierarchical.NodeTestTask$DefaultDynamicTestExecutor.execute(NodeTestTask.java:226)
	at app//org.junit.platform.engine.support.hierarchical.NodeTestTask$DefaultDynamicTestExecutor.execute(NodeTestTask.java:204)
	at app//org.junit.jupiter.engine.descriptor.TestTemplateTestDescriptor.execute(TestTemplateTestDescriptor.java:142)
	at app//org.junit.jupiter.engine.descriptor.TestTemplateTestDescriptor.lambda$execute$2(TestTemplateTestDescriptor.java:110)
	at java.base@21.0.4/java.util.stream.ForEachOps$ForEachOp$OfRef.accept(ForEachOps.java:184)
	at java.base@21.0.4/java.util.stream.ReferencePipeline$3$1.accept(ReferencePipeline.java:197)
	at java.base@21.0.4/java.util.stream.ReferencePipeline$2$1.accept(ReferencePipeline.java:179)
	at java.base@21.0.4/java.util.stream.ReferencePipeline$3$1.accept(ReferencePipeline.java:197)
	at java.base@21.0.4/java.util.stream.ForEachOps$ForEachOp$OfRef.accept(ForEachOps.java:184)
	at java.base@21.0.4/java.util.stream.ReferencePipeline$3$1.accept(ReferencePipeline.java:197)
	at java.base@21.0.4/java.util.stream.ReferencePipeline$3$1.accept(ReferencePipeline.java:197)
	at java.base@21.0.4/java.util.stream.ReferencePipeline$3$1.accept(ReferencePipeline.java:197)
	at java.base@21.0.4/java.util.stream.ForEachOps$ForEachOp$OfRef.accept(ForEachOps.java:184)
	at java.base@21.0.4/java.util.stream.ReferencePipeline$3$1.accept(ReferencePipeline.java:197)
	at java.base@21.0.4/java.util.ArrayList$ArrayListSpliterator.forEachRemaining(ArrayList.java:1708)
	at java.base@21.0.4/java.util.stream.ReferencePipeline$Head.forEach(ReferencePipeline.java:762)
	at java.base@21.0.4/java.util.stream.ReferencePipeline$7$1.accept(ReferencePipeline.java:276)
	at java.base@21.0.4/java.util.stream.ReferencePipeline$3$1.accept(ReferencePipeline.java:197)
	at java.base@21.0.4/java.util.stream.ReferencePipeline$3$1.accept(ReferencePipeline.java:197)
	at java.base@21.0.4/java.util.Spliterators$ArraySpliterator.forEachRemaining(Spliterators.java:1024)
	at java.base@21.0.4/java.util.stream.AbstractPipeline.copyInto(AbstractPipeline.java:509)
	at java.base@21.0.4/java.util.stream.AbstractPipeline.wrapAndCopyInto(AbstractPipeline.java:499)
	at java.base@21.0.4/java.util.stream.ForEachOps$ForEachOp.evaluateSequential(ForEachOps.java:151)
	at java.base@21.0.4/java.util.stream.ForEachOps$ForEachOp$OfRef.evaluateSequential(ForEachOps.java:174)
	at java.base@21.0.4/java.util.stream.AbstractPipeline.evaluate(AbstractPipeline.java:234)
	at java.base@21.0.4/java.util.stream.ReferencePipeline.forEach(ReferencePipeline.java:596)
	at java.base@21.0.4/java.util.stream.ReferencePipeline$7$1.accept(ReferencePipeline.java:276)
	at java.base@21.0.4/java.util.stream.ReferencePipeline$3$1.accept(ReferencePipeline.java:197)
	at java.base@21.0.4/java.util.stream.ReferencePipeline$3$1.accept(ReferencePipeline.java:197)
	at java.base@21.0.4/java.util.stream.ReferencePipeline$3$1.accept(ReferencePipeline.java:197)
	at java.base@21.0.4/java.util.ArrayList$ArrayListSpliterator.forEachRemaining(ArrayList.java:1708)
	at java.base@21.0.4/java.util.stream.AbstractPipeline.copyInto(AbstractPipeline.java:509)
	at java.base@21.0.4/java.util.stream.AbstractPipeline.wrapAndCopyInto(AbstractPipeline.java:499)
	at java.base@21.0.4/java.util.stream.ForEachOps$ForEachOp.evaluateSequential(ForEachOps.java:151)
	at java.base@21.0.4/java.util.stream.ForEachOps$ForEachOp$OfRef.evaluateSequential(ForEachOps.java:174)
	at java.base@21.0.4/java.util.stream.AbstractPipeline.evaluate(AbstractPipeline.java:234)
	at java.base@21.0.4/java.util.stream.ReferencePipeline.forEach(ReferencePipeline.java:596)
	at java.base@21.0.4/java.util.stream.ReferencePipeline$7$1.accept(ReferencePipeline.java:276)
	at java.base@21.0.4/java.util.ArrayList$ArrayListSpliterator.forEachRemaining(ArrayList.java:1708)
	at java.base@21.0.4/java.util.stream.AbstractPipeline.copyInto(AbstractPipeline.java:509)
	at java.base@21.0.4/java.util.stream.AbstractPipeline.wrapAndCopyInto(AbstractPipeline.java:499)
	at java.base@21.0.4/java.util.stream.ForEachOps$ForEachOp.evaluateSequential(ForEachOps.java:151)
	at java.base@21.0.4/java.util.stream.ForEachOps$ForEachOp$OfRef.evaluateSequential(ForEachOps.java:174)
	at java.base@21.0.4/java.util.stream.AbstractPipeline.evaluate(AbstractPipeline.java:234)
	at java.base@21.0.4/java.util.stream.ReferencePipeline.forEach(ReferencePipeline.java:596)
	at app//org.junit.jupiter.engine.descriptor.TestTemplateTestDescriptor.execute(TestTemplateTestDescriptor.java:110)
	at app//org.junit.jupiter.engine.descriptor.TestTemplateTestDescriptor.execute(TestTemplateTestDescriptor.java:44)
	at app//org.junit.platform.engine.support.hierarchical.NodeTestTask.lambda$executeRecursively$6(NodeTestTask.java:151)
	at app//org.junit.platform.engine.support.hierarchical.ThrowableCollector.execute(ThrowableCollector.java:73)
	at app//org.junit.platform.engine.support.hierarchical.NodeTestTask.lambda$executeRecursively$8(NodeTestTask.java:141)
	at app//org.junit.platform.engine.support.hierarchical.Node.around(Node.java:137)
	at app//org.junit.platform.engine.support.hierarchical.NodeTestTask.lambda$executeRecursively$9(NodeTestTask.java:139)
	at app//org.junit.platform.engine.support.hierarchical.ThrowableCollector.execute(ThrowableCollector.java:73)
	at app//org.junit.platform.engine.support.hierarchical.NodeTestTask.executeRecursively(NodeTestTask.java:138)
	at app//org.junit.platform.engine.support.hierarchical.NodeTestTask.execute(NodeTestTask.java:95)
	at java.base@21.0.4/java.util.ArrayList.forEach(ArrayList.java:1596)
	at app//org.junit.platform.engine.support.hierarchical.SameThreadHierarchicalTestExecutorService.invokeAll(SameThreadHierarchicalTestExecutorService.java:41)
	at app//org.junit.platform.engine.support.hierarchical.NodeTestTask.lambda$executeRecursively$6(NodeTestTask.java:155)
	at app//org.junit.platform.engine.support.hierarchical.ThrowableCollector.execute(ThrowableCollector.java:73)
	at app//org.junit.platform.engine.support.hierarchical.NodeTestTask.lambda$executeRecursively$8(NodeTestTask.java:141)
	at app//org.junit.platform.engine.support.hierarchical.Node.around(Node.java:137)
	at app//org.junit.platform.engine.support.hierarchical.NodeTestTask.lambda$executeRecursively$9(NodeTestTask.java:139)
	at app//org.junit.platform.engine.support.hierarchical.ThrowableCollector.execute(ThrowableCollector.java:73)
	at app//org.junit.platform.engine.support.hierarchical.NodeTestTask.executeRecursively(NodeTestTask.java:138)
	at app//org.junit.platform.engine.support.hierarchical.NodeTestTask.execute(NodeTestTask.java:95)
	at java.base@21.0.4/java.util.ArrayList.forEach(ArrayList.java:1596)
	at app//org.junit.platform.engine.support.hierarchical.SameThreadHierarchicalTestExecutorService.invokeAll(SameThreadHierarchicalTestExecutorService.java:41)
	at app//org.junit.platform.engine.support.hierarchical.NodeTestTask.lambda$executeRecursively$6(NodeTestTask.java:155)
	at app//org.junit.platform.engine.support.hierarchical.ThrowableCollector.execute(ThrowableCollector.java:73)
	at app//org.junit.platform.engine.support.hierarchical.NodeTestTask.lambda$executeRecursively$8(NodeTestTask.java:141)
	at app//org.junit.platform.engine.support.hierarchical.Node.around(Node.java:137)
	at app//org.junit.platform.engine.support.hierarchical.NodeTestTask.lambda$executeRecursively$9(NodeTestTask.java:139)
	at app//org.junit.platform.engine.support.hierarchical.ThrowableCollector.execute(ThrowableCollector.java:73)
	at app//org.junit.platform.engine.support.hierarchical.NodeTestTask.executeRecursively(NodeTestTask.java:138)
	at app//org.junit.platform.engine.support.hierarchical.NodeTestTask.execute(NodeTestTask.java:95)
	at app//org.junit.platform.engine.support.hierarchical.SameThreadHierarchicalTestExecutorService.submit(SameThreadHierarchicalTestExecutorService.java:35)
	at app//org.junit.platform.engine.support.hierarchical.HierarchicalTestExecutor.execute(HierarchicalTestExecutor.java:57)
	at app//org.junit.platform.engine.support.hierarchical.HierarchicalTestEngine.execute(HierarchicalTestEngine.java:54)
	at app//org.junit.platform.launcher.core.EngineExecutionOrchestrator.execute(EngineExecutionOrchestrator.java:107)
	at app//org.junit.platform.launcher.core.EngineExecutionOrchestrator.execute(EngineExecutionOrchestrator.java:88)
	at app//org.junit.platform.launcher.core.EngineExecutionOrchestrator.lambda$execute$0(EngineExecutionOrchestrator.java:54)
	at app//org.junit.platform.launcher.core.EngineExecutionOrchestrator.withInterceptedStreams(EngineExecutionOrchestrator.java:67)
	at app//org.junit.platform.launcher.core.EngineExecutionOrchestrator.execute(EngineExecutionOrchestrator.java:52)
	at app//org.junit.platform.launcher.core.DefaultLauncher.execute(DefaultLauncher.java:114)
	at app//org.junit.platform.launcher.core.DefaultLauncher.execute(DefaultLauncher.java:86)
	at app//org.junit.platform.launcher.core.DefaultLauncherSession$DelegatingLauncher.execute(DefaultLauncherSession.java:86)
	at org.gradle.api.internal.tasks.testing.junitplatform.JUnitPlatformTestClassProcessor$CollectAllTestClassesExecutor.processAllTestClasses(JUnitPlatformTestClassProcessor.java:124)
	at org.gradle.api.internal.tasks.testing.junitplatform.JUnitPlatformTestClassProcessor$CollectAllTestClassesExecutor.access$000(JUnitPlatformTestClassProcessor.java:99)
	at org.gradle.api.internal.tasks.testing.junitplatform.JUnitPlatformTestClassProcessor.stop(JUnitPlatformTestClassProcessor.java:94)
	at org.gradle.api.internal.tasks.testing.SuiteTestClassProcessor.stop(SuiteTestClassProcessor.java:63)
	at java.base@21.0.4/jdk.internal.reflect.DirectMethodHandleAccessor.invoke(DirectMethodHandleAccessor.java:103)
	at java.base@21.0.4/java.lang.reflect.Method.invoke(Method.java:580)
	at org.gradle.internal.dispatch.ReflectionDispatch.dispatch(ReflectionDispatch.java:36)
	at org.gradle.internal.dispatch.ReflectionDispatch.dispatch(ReflectionDispatch.java:24)
	at org.gradle.internal.dispatch.ContextClassLoaderDispatch.dispatch(ContextClassLoaderDispatch.java:33)
	at org.gradle.internal.dispatch.ProxyDispatchAdapter$DispatchingInvocationHandler.invoke(ProxyDispatchAdapter.java:92)
	at jdk.proxy1/jdk.proxy1.$Proxy4.stop(Unknown Source)
	at org.gradle.api.internal.tasks.testing.worker.TestWorker$3.run(TestWorker.java:200)
	at org.gradle.api.internal.tasks.testing.worker.TestWorker.executeAndMaintainThreadName(TestWorker.java:132)
	at org.gradle.api.internal.tasks.testing.worker.TestWorker.execute(TestWorker.java:103)
	at org.gradle.api.internal.tasks.testing.worker.TestWorker.execute(TestWorker.java:63)
	at org.gradle.process.internal.worker.child.ActionExecutionWorker.execute(ActionExecutionWorker.java:56)
	at org.gradle.process.internal.worker.child.SystemApplicationClassLoaderWorker.call(SystemApplicationClassLoaderWorker.java:121)
	at org.gradle.process.internal.worker.child.SystemApplicationClassLoaderWorker.call(SystemApplicationClassLoaderWorker.java:71)
	at app//worker.org.gradle.process.internal.worker.GradleWorkerMain.run(GradleWorkerMain.java:69)
	at app//worker.org.gradle.process.internal.worker.GradleWorkerMain.main(GradleWorkerMain.java:74)
</failure>
  </testcase>
  <testcase name="[7] TestCase(expectedClassFile=DealParamaggregate_PKContext)" classname="ru.vood.processor.datamodel.generator.ContextDataClassesGeneratorTest" time="0.002">
    <failure message="org.opentest4j.AssertionFailedError: expected: &lt;package ru.vood.dmgen.datamodel.sealedData&#10;&#10;import javax.`annotation`.processing.Generated&#10;import kotlinx.serialization.KSerializer&#10;import kotlinx.serialization.Serializable&#10;import ru.vood.dmgen.`annotation`.ModelEntityContext&#10;import ru.vood.dmgen.datamodel.sealedData.intf.IContextOf&#10;import ru.vood.dmgen.datamodel.sealedData.metaEnum.EntityEnum&#10;import ru.vood.dmgen.datamodel.sealedData.metaEnum.UniqueKeyEnum&#10;import ru.vood.dmgen.datamodel.valueClasses.DealId&#10;&#10;/**&#10; * Параметр сделки, Агрегат&#10; */&#10;@Generated(value = [&quot;ru.vood.processor.datamodel.generator.ContextDataClassesGenerator&quot;])&#10;@Serializable&#10;@ModelEntityContext&#10;public data class DealParamaggregate_PKContext(&#10;  /**&#10;   * Идентификатор сделки&#10;   */&#10;  public val dealId: DealId,&#10;) : IContextOf&lt;DealParamaggregateEntity&gt; {&#10;  /**&#10;   * Мета информация по уникальному ключу&#10;   */&#10;  public override val ukName: UniqueKeyEnum&#10;    get() = UniqueKeyEnum.DealParamaggregate_PK&#10;&#10;  /**&#10;   * Мета информация по сущности&#10;   */&#10;  public override val designEntityName: EntityEnum&#10;    get() = EntityEnum.DealParamaggregate&#10;&#10;  /**&#10;   * Сериализатор оригинальной сущности&#10;   */&#10;  public override val ktEntitySerializer: KSerializer&lt;DealParamaggregateEntity&gt;&#10;    get() = DealParamaggregateEntity.serializer()&#10;&#10;  /**&#10;   * Сериализатор детальной(аггрегированной) сущности&#10;   */&#10;  public override val ktSyntheticEntitySerializer: KSerializer&lt;DealParamaggregateDetail&gt;&#10;    get() = DealParamaggregateDetail.serializer()&#10;}&#10;&gt; but was: &lt;package ru.vood.dmgen.datamodel.sealedData&#10;&#10;import javax.`annotation`.processing.Generated&#10;import kotlinx.serialization.KSerializer&#10;import kotlinx.serialization.Serializable&#10;import ru.vood.dmgen.`annotation`.ModelEntityContext&#10;import ru.vood.dmgen.datamodel.valueClasses.DealId&#10;import ru.vood.processor.datamodel.packageForDataModelConfigProcessorProviderTest.create.intf.IContextOf&#10;import ru.vood.processor.datamodel.packageForDataModelConfigProcessorProviderTest.create.metaEnum.EntityEnum&#10;import ru.vood.processor.datamodel.packageForDataModelConfigProcessorProviderTest.create.metaEnum.UniqueKeyEnum&#10;&#10;/**&#10; * Параметр сделки, Агрегат&#10; */&#10;@Generated(value = [&quot;ru.vood.processor.datamodel.generator.ContextDataClassesGenerator&quot;])&#10;@Serializable&#10;@ModelEntityContext&#10;public data class DealParamaggregate_PKContext(&#10;  /**&#10;   * Идентификатор сделки&#10;   */&#10;  public val dealId: DealId,&#10;) : IContextOf&lt;DealParamaggregateEntity&gt; {&#10;  /**&#10;   * Мета информация по уникальному ключу&#10;   */&#10;  public override val ukName: UniqueKeyEnum&#10;    get() = UniqueKeyEnum.DealParamaggregate_PK&#10;&#10;  /**&#10;   * Мета информация по сущности&#10;   */&#10;  public override val designEntityName: EntityEnum&#10;    get() = EntityEnum.DealParamaggregate&#10;&#10;  /**&#10;   * Сериализатор оригинальной сущности&#10;   */&#10;  public override val ktEntitySerializer: KSerializer&lt;DealParamaggregateEntity&gt;&#10;    get() = DealParamaggregateEntity.serializer()&#10;&#10;  /**&#10;   * Сериализатор детальной(аггрегированной) сущности&#10;   */&#10;  public override val ktSyntheticEntitySerializer: KSerializer&lt;DealParamaggregateDetail&gt;&#10;    get() = DealParamaggregateDetail.serializer()&#10;}&#10;&gt;" type="org.opentest4j.AssertionFailedError">org.opentest4j.AssertionFailedError: expected: &lt;package ru.vood.dmgen.datamodel.sealedData

import javax.`annotation`.processing.Generated
import kotlinx.serialization.KSerializer
import kotlinx.serialization.Serializable
import ru.vood.dmgen.`annotation`.ModelEntityContext
import ru.vood.dmgen.datamodel.sealedData.intf.IContextOf
import ru.vood.dmgen.datamodel.sealedData.metaEnum.EntityEnum
import ru.vood.dmgen.datamodel.sealedData.metaEnum.UniqueKeyEnum
import ru.vood.dmgen.datamodel.valueClasses.DealId

/**
 * Параметр сделки, Агрегат
 */
@Generated(value = [&quot;ru.vood.processor.datamodel.generator.ContextDataClassesGenerator&quot;])
@Serializable
@ModelEntityContext
public data class DealParamaggregate_PKContext(
  /**
   * Идентификатор сделки
   */
  public val dealId: DealId,
) : IContextOf&lt;DealParamaggregateEntity&gt; {
  /**
   * Мета информация по уникальному ключу
   */
  public override val ukName: UniqueKeyEnum
    get() = UniqueKeyEnum.DealParamaggregate_PK

  /**
   * Мета информация по сущности
   */
  public override val designEntityName: EntityEnum
    get() = EntityEnum.DealParamaggregate

  /**
   * Сериализатор оригинальной сущности
   */
  public override val ktEntitySerializer: KSerializer&lt;DealParamaggregateEntity&gt;
    get() = DealParamaggregateEntity.serializer()

  /**
   * Сериализатор детальной(аггрегированной) сущности
   */
  public override val ktSyntheticEntitySerializer: KSerializer&lt;DealParamaggregateDetail&gt;
    get() = DealParamaggregateDetail.serializer()
}
&gt; but was: &lt;package ru.vood.dmgen.datamodel.sealedData

import javax.`annotation`.processing.Generated
import kotlinx.serialization.KSerializer
import kotlinx.serialization.Serializable
import ru.vood.dmgen.`annotation`.ModelEntityContext
import ru.vood.dmgen.datamodel.valueClasses.DealId
import ru.vood.processor.datamodel.packageForDataModelConfigProcessorProviderTest.create.intf.IContextOf
import ru.vood.processor.datamodel.packageForDataModelConfigProcessorProviderTest.create.metaEnum.EntityEnum
import ru.vood.processor.datamodel.packageForDataModelConfigProcessorProviderTest.create.metaEnum.UniqueKeyEnum

/**
 * Параметр сделки, Агрегат
 */
@Generated(value = [&quot;ru.vood.processor.datamodel.generator.ContextDataClassesGenerator&quot;])
@Serializable
@ModelEntityContext
public data class DealParamaggregate_PKContext(
  /**
   * Идентификатор сделки
   */
  public val dealId: DealId,
) : IContextOf&lt;DealParamaggregateEntity&gt; {
  /**
   * Мета информация по уникальному ключу
   */
  public override val ukName: UniqueKeyEnum
    get() = UniqueKeyEnum.DealParamaggregate_PK

  /**
   * Мета информация по сущности
   */
  public override val designEntityName: EntityEnum
    get() = EntityEnum.DealParamaggregate

  /**
   * Сериализатор оригинальной сущности
   */
  public override val ktEntitySerializer: KSerializer&lt;DealParamaggregateEntity&gt;
    get() = DealParamaggregateEntity.serializer()

  /**
   * Сериализатор детальной(аггрегированной) сущности
   */
  public override val ktSyntheticEntitySerializer: KSerializer&lt;DealParamaggregateDetail&gt;
    get() = DealParamaggregateDetail.serializer()
}
&gt;
	at app//org.junit.jupiter.api.AssertionFailureBuilder.build(AssertionFailureBuilder.java:151)
	at app//org.junit.jupiter.api.AssertionFailureBuilder.buildAndThrow(AssertionFailureBuilder.java:132)
	at app//org.junit.jupiter.api.AssertEquals.failNotEqual(AssertEquals.java:197)
	at app//org.junit.jupiter.api.AssertEquals.assertEquals(AssertEquals.java:182)
	at app//org.junit.jupiter.api.AssertEquals.assertEquals(AssertEquals.java:177)
	at app//org.junit.jupiter.api.Assertions.assertEquals(Assertions.java:1142)
	at app//ru.vood.processor.datamodel.abstraction.AbstractGeneratorTest.compareTextFile(AbstractGeneratorTest.kt:40)
	at app//ru.vood.processor.datamodel.generator.ContextDataClassesGeneratorTest.textFileTest(ContextDataClassesGeneratorTest.kt:36)
	at java.base@21.0.4/jdk.internal.reflect.DirectMethodHandleAccessor.invoke(DirectMethodHandleAccessor.java:103)
	at java.base@21.0.4/java.lang.reflect.Method.invoke(Method.java:580)
	at app//org.junit.platform.commons.util.ReflectionUtils.invokeMethod(ReflectionUtils.java:727)
	at app//org.junit.jupiter.engine.execution.MethodInvocation.proceed(MethodInvocation.java:60)
	at app//org.junit.jupiter.engine.execution.InvocationInterceptorChain$ValidatingInvocation.proceed(InvocationInterceptorChain.java:131)
	at app//org.junit.jupiter.engine.extension.TimeoutExtension.intercept(TimeoutExtension.java:156)
	at app//org.junit.jupiter.engine.extension.TimeoutExtension.interceptTestableMethod(TimeoutExtension.java:147)
	at app//org.junit.jupiter.engine.extension.TimeoutExtension.interceptTestTemplateMethod(TimeoutExtension.java:94)
	at app//org.junit.jupiter.engine.execution.InterceptingExecutableInvoker$ReflectiveInterceptorCall.lambda$ofVoidMethod$0(InterceptingExecutableInvoker.java:103)
	at app//org.junit.jupiter.engine.execution.InterceptingExecutableInvoker.lambda$invoke$0(InterceptingExecutableInvoker.java:93)
	at app//org.junit.jupiter.engine.execution.InvocationInterceptorChain$InterceptedInvocation.proceed(InvocationInterceptorChain.java:106)
	at app//org.junit.jupiter.engine.execution.InvocationInterceptorChain.proceed(InvocationInterceptorChain.java:64)
	at app//org.junit.jupiter.engine.execution.InvocationInterceptorChain.chainAndInvoke(InvocationInterceptorChain.java:45)
	at app//org.junit.jupiter.engine.execution.InvocationInterceptorChain.invoke(InvocationInterceptorChain.java:37)
	at app//org.junit.jupiter.engine.execution.InterceptingExecutableInvoker.invoke(InterceptingExecutableInvoker.java:92)
	at app//org.junit.jupiter.engine.execution.InterceptingExecutableInvoker.invoke(InterceptingExecutableInvoker.java:86)
	at app//org.junit.jupiter.engine.descriptor.TestMethodTestDescriptor.lambda$invokeTestMethod$7(TestMethodTestDescriptor.java:217)
	at app//org.junit.platform.engine.support.hierarchical.ThrowableCollector.execute(ThrowableCollector.java:73)
	at app//org.junit.jupiter.engine.descriptor.TestMethodTestDescriptor.invokeTestMethod(TestMethodTestDescriptor.java:213)
	at app//org.junit.jupiter.engine.descriptor.TestMethodTestDescriptor.execute(TestMethodTestDescriptor.java:138)
	at app//org.junit.jupiter.engine.descriptor.TestMethodTestDescriptor.execute(TestMethodTestDescriptor.java:68)
	at app//org.junit.platform.engine.support.hierarchical.NodeTestTask.lambda$executeRecursively$6(NodeTestTask.java:151)
	at app//org.junit.platform.engine.support.hierarchical.ThrowableCollector.execute(ThrowableCollector.java:73)
	at app//org.junit.platform.engine.support.hierarchical.NodeTestTask.lambda$executeRecursively$8(NodeTestTask.java:141)
	at app//org.junit.platform.engine.support.hierarchical.Node.around(Node.java:137)
	at app//org.junit.platform.engine.support.hierarchical.NodeTestTask.lambda$executeRecursively$9(NodeTestTask.java:139)
	at app//org.junit.platform.engine.support.hierarchical.ThrowableCollector.execute(ThrowableCollector.java:73)
	at app//org.junit.platform.engine.support.hierarchical.NodeTestTask.executeRecursively(NodeTestTask.java:138)
	at app//org.junit.platform.engine.support.hierarchical.NodeTestTask.execute(NodeTestTask.java:95)
	at app//org.junit.platform.engine.support.hierarchical.SameThreadHierarchicalTestExecutorService.submit(SameThreadHierarchicalTestExecutorService.java:35)
	at app//org.junit.platform.engine.support.hierarchical.NodeTestTask$DefaultDynamicTestExecutor.execute(NodeTestTask.java:226)
	at app//org.junit.platform.engine.support.hierarchical.NodeTestTask$DefaultDynamicTestExecutor.execute(NodeTestTask.java:204)
	at app//org.junit.jupiter.engine.descriptor.TestTemplateTestDescriptor.execute(TestTemplateTestDescriptor.java:142)
	at app//org.junit.jupiter.engine.descriptor.TestTemplateTestDescriptor.lambda$execute$2(TestTemplateTestDescriptor.java:110)
	at java.base@21.0.4/java.util.stream.ForEachOps$ForEachOp$OfRef.accept(ForEachOps.java:184)
	at java.base@21.0.4/java.util.stream.ReferencePipeline$3$1.accept(ReferencePipeline.java:197)
	at java.base@21.0.4/java.util.stream.ReferencePipeline$2$1.accept(ReferencePipeline.java:179)
	at java.base@21.0.4/java.util.stream.ReferencePipeline$3$1.accept(ReferencePipeline.java:197)
	at java.base@21.0.4/java.util.stream.ForEachOps$ForEachOp$OfRef.accept(ForEachOps.java:184)
	at java.base@21.0.4/java.util.stream.ReferencePipeline$3$1.accept(ReferencePipeline.java:197)
	at java.base@21.0.4/java.util.stream.ReferencePipeline$3$1.accept(ReferencePipeline.java:197)
	at java.base@21.0.4/java.util.stream.ReferencePipeline$3$1.accept(ReferencePipeline.java:197)
	at java.base@21.0.4/java.util.stream.ForEachOps$ForEachOp$OfRef.accept(ForEachOps.java:184)
	at java.base@21.0.4/java.util.stream.ReferencePipeline$3$1.accept(ReferencePipeline.java:197)
	at java.base@21.0.4/java.util.ArrayList$ArrayListSpliterator.forEachRemaining(ArrayList.java:1708)
	at java.base@21.0.4/java.util.stream.ReferencePipeline$Head.forEach(ReferencePipeline.java:762)
	at java.base@21.0.4/java.util.stream.ReferencePipeline$7$1.accept(ReferencePipeline.java:276)
	at java.base@21.0.4/java.util.stream.ReferencePipeline$3$1.accept(ReferencePipeline.java:197)
	at java.base@21.0.4/java.util.stream.ReferencePipeline$3$1.accept(ReferencePipeline.java:197)
	at java.base@21.0.4/java.util.Spliterators$ArraySpliterator.forEachRemaining(Spliterators.java:1024)
	at java.base@21.0.4/java.util.stream.AbstractPipeline.copyInto(AbstractPipeline.java:509)
	at java.base@21.0.4/java.util.stream.AbstractPipeline.wrapAndCopyInto(AbstractPipeline.java:499)
	at java.base@21.0.4/java.util.stream.ForEachOps$ForEachOp.evaluateSequential(ForEachOps.java:151)
	at java.base@21.0.4/java.util.stream.ForEachOps$ForEachOp$OfRef.evaluateSequential(ForEachOps.java:174)
	at java.base@21.0.4/java.util.stream.AbstractPipeline.evaluate(AbstractPipeline.java:234)
	at java.base@21.0.4/java.util.stream.ReferencePipeline.forEach(ReferencePipeline.java:596)
	at java.base@21.0.4/java.util.stream.ReferencePipeline$7$1.accept(ReferencePipeline.java:276)
	at java.base@21.0.4/java.util.stream.ReferencePipeline$3$1.accept(ReferencePipeline.java:197)
	at java.base@21.0.4/java.util.stream.ReferencePipeline$3$1.accept(ReferencePipeline.java:197)
	at java.base@21.0.4/java.util.stream.ReferencePipeline$3$1.accept(ReferencePipeline.java:197)
	at java.base@21.0.4/java.util.ArrayList$ArrayListSpliterator.forEachRemaining(ArrayList.java:1708)
	at java.base@21.0.4/java.util.stream.AbstractPipeline.copyInto(AbstractPipeline.java:509)
	at java.base@21.0.4/java.util.stream.AbstractPipeline.wrapAndCopyInto(AbstractPipeline.java:499)
	at java.base@21.0.4/java.util.stream.ForEachOps$ForEachOp.evaluateSequential(ForEachOps.java:151)
	at java.base@21.0.4/java.util.stream.ForEachOps$ForEachOp$OfRef.evaluateSequential(ForEachOps.java:174)
	at java.base@21.0.4/java.util.stream.AbstractPipeline.evaluate(AbstractPipeline.java:234)
	at java.base@21.0.4/java.util.stream.ReferencePipeline.forEach(ReferencePipeline.java:596)
	at java.base@21.0.4/java.util.stream.ReferencePipeline$7$1.accept(ReferencePipeline.java:276)
	at java.base@21.0.4/java.util.ArrayList$ArrayListSpliterator.forEachRemaining(ArrayList.java:1708)
	at java.base@21.0.4/java.util.stream.AbstractPipeline.copyInto(AbstractPipeline.java:509)
	at java.base@21.0.4/java.util.stream.AbstractPipeline.wrapAndCopyInto(AbstractPipeline.java:499)
	at java.base@21.0.4/java.util.stream.ForEachOps$ForEachOp.evaluateSequential(ForEachOps.java:151)
	at java.base@21.0.4/java.util.stream.ForEachOps$ForEachOp$OfRef.evaluateSequential(ForEachOps.java:174)
	at java.base@21.0.4/java.util.stream.AbstractPipeline.evaluate(AbstractPipeline.java:234)
	at java.base@21.0.4/java.util.stream.ReferencePipeline.forEach(ReferencePipeline.java:596)
	at app//org.junit.jupiter.engine.descriptor.TestTemplateTestDescriptor.execute(TestTemplateTestDescriptor.java:110)
	at app//org.junit.jupiter.engine.descriptor.TestTemplateTestDescriptor.execute(TestTemplateTestDescriptor.java:44)
	at app//org.junit.platform.engine.support.hierarchical.NodeTestTask.lambda$executeRecursively$6(NodeTestTask.java:151)
	at app//org.junit.platform.engine.support.hierarchical.ThrowableCollector.execute(ThrowableCollector.java:73)
	at app//org.junit.platform.engine.support.hierarchical.NodeTestTask.lambda$executeRecursively$8(NodeTestTask.java:141)
	at app//org.junit.platform.engine.support.hierarchical.Node.around(Node.java:137)
	at app//org.junit.platform.engine.support.hierarchical.NodeTestTask.lambda$executeRecursively$9(NodeTestTask.java:139)
	at app//org.junit.platform.engine.support.hierarchical.ThrowableCollector.execute(ThrowableCollector.java:73)
	at app//org.junit.platform.engine.support.hierarchical.NodeTestTask.executeRecursively(NodeTestTask.java:138)
	at app//org.junit.platform.engine.support.hierarchical.NodeTestTask.execute(NodeTestTask.java:95)
	at java.base@21.0.4/java.util.ArrayList.forEach(ArrayList.java:1596)
	at app//org.junit.platform.engine.support.hierarchical.SameThreadHierarchicalTestExecutorService.invokeAll(SameThreadHierarchicalTestExecutorService.java:41)
	at app//org.junit.platform.engine.support.hierarchical.NodeTestTask.lambda$executeRecursively$6(NodeTestTask.java:155)
	at app//org.junit.platform.engine.support.hierarchical.ThrowableCollector.execute(ThrowableCollector.java:73)
	at app//org.junit.platform.engine.support.hierarchical.NodeTestTask.lambda$executeRecursively$8(NodeTestTask.java:141)
	at app//org.junit.platform.engine.support.hierarchical.Node.around(Node.java:137)
	at app//org.junit.platform.engine.support.hierarchical.NodeTestTask.lambda$executeRecursively$9(NodeTestTask.java:139)
	at app//org.junit.platform.engine.support.hierarchical.ThrowableCollector.execute(ThrowableCollector.java:73)
	at app//org.junit.platform.engine.support.hierarchical.NodeTestTask.executeRecursively(NodeTestTask.java:138)
	at app//org.junit.platform.engine.support.hierarchical.NodeTestTask.execute(NodeTestTask.java:95)
	at java.base@21.0.4/java.util.ArrayList.forEach(ArrayList.java:1596)
	at app//org.junit.platform.engine.support.hierarchical.SameThreadHierarchicalTestExecutorService.invokeAll(SameThreadHierarchicalTestExecutorService.java:41)
	at app//org.junit.platform.engine.support.hierarchical.NodeTestTask.lambda$executeRecursively$6(NodeTestTask.java:155)
	at app//org.junit.platform.engine.support.hierarchical.ThrowableCollector.execute(ThrowableCollector.java:73)
	at app//org.junit.platform.engine.support.hierarchical.NodeTestTask.lambda$executeRecursively$8(NodeTestTask.java:141)
	at app//org.junit.platform.engine.support.hierarchical.Node.around(Node.java:137)
	at app//org.junit.platform.engine.support.hierarchical.NodeTestTask.lambda$executeRecursively$9(NodeTestTask.java:139)
	at app//org.junit.platform.engine.support.hierarchical.ThrowableCollector.execute(ThrowableCollector.java:73)
	at app//org.junit.platform.engine.support.hierarchical.NodeTestTask.executeRecursively(NodeTestTask.java:138)
	at app//org.junit.platform.engine.support.hierarchical.NodeTestTask.execute(NodeTestTask.java:95)
	at app//org.junit.platform.engine.support.hierarchical.SameThreadHierarchicalTestExecutorService.submit(SameThreadHierarchicalTestExecutorService.java:35)
	at app//org.junit.platform.engine.support.hierarchical.HierarchicalTestExecutor.execute(HierarchicalTestExecutor.java:57)
	at app//org.junit.platform.engine.support.hierarchical.HierarchicalTestEngine.execute(HierarchicalTestEngine.java:54)
	at app//org.junit.platform.launcher.core.EngineExecutionOrchestrator.execute(EngineExecutionOrchestrator.java:107)
	at app//org.junit.platform.launcher.core.EngineExecutionOrchestrator.execute(EngineExecutionOrchestrator.java:88)
	at app//org.junit.platform.launcher.core.EngineExecutionOrchestrator.lambda$execute$0(EngineExecutionOrchestrator.java:54)
	at app//org.junit.platform.launcher.core.EngineExecutionOrchestrator.withInterceptedStreams(EngineExecutionOrchestrator.java:67)
	at app//org.junit.platform.launcher.core.EngineExecutionOrchestrator.execute(EngineExecutionOrchestrator.java:52)
	at app//org.junit.platform.launcher.core.DefaultLauncher.execute(DefaultLauncher.java:114)
	at app//org.junit.platform.launcher.core.DefaultLauncher.execute(DefaultLauncher.java:86)
	at app//org.junit.platform.launcher.core.DefaultLauncherSession$DelegatingLauncher.execute(DefaultLauncherSession.java:86)
	at org.gradle.api.internal.tasks.testing.junitplatform.JUnitPlatformTestClassProcessor$CollectAllTestClassesExecutor.processAllTestClasses(JUnitPlatformTestClassProcessor.java:124)
	at org.gradle.api.internal.tasks.testing.junitplatform.JUnitPlatformTestClassProcessor$CollectAllTestClassesExecutor.access$000(JUnitPlatformTestClassProcessor.java:99)
	at org.gradle.api.internal.tasks.testing.junitplatform.JUnitPlatformTestClassProcessor.stop(JUnitPlatformTestClassProcessor.java:94)
	at org.gradle.api.internal.tasks.testing.SuiteTestClassProcessor.stop(SuiteTestClassProcessor.java:63)
	at java.base@21.0.4/jdk.internal.reflect.DirectMethodHandleAccessor.invoke(DirectMethodHandleAccessor.java:103)
	at java.base@21.0.4/java.lang.reflect.Method.invoke(Method.java:580)
	at org.gradle.internal.dispatch.ReflectionDispatch.dispatch(ReflectionDispatch.java:36)
	at org.gradle.internal.dispatch.ReflectionDispatch.dispatch(ReflectionDispatch.java:24)
	at org.gradle.internal.dispatch.ContextClassLoaderDispatch.dispatch(ContextClassLoaderDispatch.java:33)
	at org.gradle.internal.dispatch.ProxyDispatchAdapter$DispatchingInvocationHandler.invoke(ProxyDispatchAdapter.java:92)
	at jdk.proxy1/jdk.proxy1.$Proxy4.stop(Unknown Source)
	at org.gradle.api.internal.tasks.testing.worker.TestWorker$3.run(TestWorker.java:200)
	at org.gradle.api.internal.tasks.testing.worker.TestWorker.executeAndMaintainThreadName(TestWorker.java:132)
	at org.gradle.api.internal.tasks.testing.worker.TestWorker.execute(TestWorker.java:103)
	at org.gradle.api.internal.tasks.testing.worker.TestWorker.execute(TestWorker.java:63)
	at org.gradle.process.internal.worker.child.ActionExecutionWorker.execute(ActionExecutionWorker.java:56)
	at org.gradle.process.internal.worker.child.SystemApplicationClassLoaderWorker.call(SystemApplicationClassLoaderWorker.java:121)
	at org.gradle.process.internal.worker.child.SystemApplicationClassLoaderWorker.call(SystemApplicationClassLoaderWorker.java:71)
	at app//worker.org.gradle.process.internal.worker.GradleWorkerMain.run(GradleWorkerMain.java:69)
	at app//worker.org.gradle.process.internal.worker.GradleWorkerMain.main(GradleWorkerMain.java:74)
</failure>
  </testcase>
  <system-out><![CDATA[]]></system-out>
  <system-err><![CDATA[]]></system-err>
</testsuite>
